<?xml version="1.0" encoding="UTF-8"?>
<!-- Generated by org.testng.reporters.JUnitXMLReporter -->
<testsuite ignored="1" hostname="DESKTOP-3EL3S29" failures="0" tests="3" name="Default test" time="126.901" errors="0" timestamp="2025-12-20T17:27:28 IST">
  <testcase classname="com.qa.test.HomePageTest" name="doSearchTest" time="4.692"/>
  <testcase classname="com.qa.test.HomePageTest" name="doSearchTest" time="2.083"/>
  <testcase classname="com.qa.test.HomePageTest" name="doSearchTest" time="4.28"/>
  <testcase classname="com.qa.test.HomePageTest" name="ValidateThePageTitle" time="0.0">
    <ignored/>
  </testcase> <!-- ValidateThePageTitle -->
</testsuite> <!-- Default test -->
