<?xml version="1.0" encoding="UTF-8"?>
<!-- Generated by org.testng.reporters.JUnitXMLReporter -->
<testsuite ignored="0" hostname="DESKTOP-3EL3S29" failures="0" tests="9" name="Test" time="176.255" errors="0" timestamp="2025-12-09T15:13:14 IST">
  <testcase classname="com.qa.test.HomePageTest" name="ValidateThePageTitle" time="0.104"/>
  <testcase classname="com.qa.test.HomePageTest" name="doSearchTest" time="1.816"/>
  <testcase classname="com.qa.test.HomePageTest" name="doSearchTest" time="2.401"/>
  <testcase classname="com.qa.test.HomePageTest" name="doSearchTest" time="1.713"/>
  <testcase classname="com.qa.test.RegisterPageTest" name="ValidateRigesterPageTitle" time="0.007"/>
  <testcase classname="com.qa.test.RegisterPageTest" name="validateAllfieldLabel" time="0.173"/>
  <testcase classname="com.qa.test.RegisterPageTest" name="doRegisterTest" time="4.785"/>
  <testcase classname="com.qa.test.RegisterPageTest" name="doRegisterTest" time="11.702"/>
  <testcase classname="com.qa.test.RegisterPageTest" name="doRegisterTest" time="2.17"/>
</testsuite> <!-- Test -->
