<?xml version="1.0" encoding="UTF-8"?>
<!-- Generated by org.testng.reporters.JUnitXMLReporter -->
<testsuite ignored="1" hostname="DESKTOP-3EL3S29" failures="4" tests="20" name="Test" time="286.653" errors="0" timestamp="2025-12-20T17:58:02 IST">
  <testcase classname="com.qa.test.HomePageTest" name="doSearchTest" time="2.019">
    <skipped/>
  </testcase> <!-- doSearchTest -->
  <testcase classname="com.qa.test.HomePageTest" name="doSearchTest" time="1.966">
    <skipped/>
  </testcase> <!-- doSearchTest -->
  <testcase classname="com.qa.test.HomePageTest" name="doSearchTest" time="1.957">
    <skipped/>
  </testcase> <!-- doSearchTest -->
  <testcase classname="com.qa.test.HomePageTest" name="doSearchTest" time="5.515">
    <failure type="java.lang.AssertionError" message="expected [Search  Mobile] but found [Search - Mobile]">
      <![CDATA[java.lang.AssertionError: expected [Search  Mobile] but found [Search - Mobile]
at com.qa.test.HomePageTest.doSearchTest(HomePageTest.java:97)
at java.base/java.util.ArrayList.forEach(ArrayList.java:1596)
... Removed 31 stack frames]]>
    </failure>
  </testcase> <!-- doSearchTest -->
  <testcase classname="com.qa.test.HomePageTest" name="doSearchTest" time="2.012">
    <skipped/>
  </testcase> <!-- doSearchTest -->
  <testcase classname="com.qa.test.HomePageTest" name="doSearchTest" time="1.955">
    <skipped/>
  </testcase> <!-- doSearchTest -->
  <testcase classname="com.qa.test.HomePageTest" name="doSearchTest" time="2.013">
    <skipped/>
  </testcase> <!-- doSearchTest -->
  <testcase classname="com.qa.test.HomePageTest" name="doSearchTest" time="2.017">
    <failure type="java.lang.AssertionError" message="expected [Search  Laptop] but found [Search - Laptop]">
      <![CDATA[java.lang.AssertionError: expected [Search  Laptop] but found [Search - Laptop]
at com.qa.test.HomePageTest.doSearchTest(HomePageTest.java:97)
at java.base/java.util.ArrayList.forEach(ArrayList.java:1596)
... Removed 31 stack frames]]>
    </failure>
  </testcase> <!-- doSearchTest -->
  <testcase classname="com.qa.test.HomePageTest" name="doSearchTest" time="5.523">
    <skipped/>
  </testcase> <!-- doSearchTest -->
  <testcase classname="com.qa.test.HomePageTest" name="doSearchTest" time="1.927">
    <skipped/>
  </testcase> <!-- doSearchTest -->
  <testcase classname="com.qa.test.HomePageTest" name="doSearchTest" time="3.045">
    <skipped/>
  </testcase> <!-- doSearchTest -->
  <testcase classname="com.qa.test.HomePageTest" name="doSearchTest" time="2.012">
    <failure type="java.lang.AssertionError" message="expected [Search  Mackbook] but found [Search - Mackbook]">
      <![CDATA[java.lang.AssertionError: expected [Search  Mackbook] but found [Search - Mackbook]
at com.qa.test.HomePageTest.doSearchTest(HomePageTest.java:97)
at java.base/java.util.ArrayList.forEach(ArrayList.java:1596)
... Removed 31 stack frames]]>
    </failure>
  </testcase> <!-- doSearchTest -->
  <testcase classname="com.qa.test.RegisterPageTest" name="ValidateRigesterPageTitle" time="0.012"/>
  <testcase classname="com.qa.test.RegisterPageTest" name="validateAllfieldLabel" time="0.178">
    <skipped/>
  </testcase> <!-- validateAllfieldLabel -->
  <testcase classname="com.qa.test.RegisterPageTest" name="validateAllfieldLabel" time="0.134">
    <skipped/>
  </testcase> <!-- validateAllfieldLabel -->
  <testcase classname="com.qa.test.RegisterPageTest" name="validateAllfieldLabel" time="0.137">
    <skipped/>
  </testcase> <!-- validateAllfieldLabel -->
  <testcase classname="com.qa.test.RegisterPageTest" name="validateAllfieldLabel" time="0.143">
    <failure type="java.lang.AssertionError" message="expected [Reward Point] but found [Reward Points]">
      <![CDATA[java.lang.AssertionError: expected [Reward Point] but found [Reward Points]
at com.qa.test.RegisterPageTest.validateAllfieldLabel(RegisterPageTest.java:127)
at java.base/java.util.ArrayList.forEach(ArrayList.java:1596)
... Removed 31 stack frames]]>
    </failure>
  </testcase> <!-- validateAllfieldLabel -->
  <testcase classname="com.qa.test.RegisterPageTest" name="doRegisterTest" time="3.137"/>
  <testcase classname="com.qa.test.RegisterPageTest" name="doRegisterTest" time="2.146"/>
  <testcase classname="com.qa.test.RegisterPageTest" name="doRegisterTest" time="2.29"/>
  <testcase classname="com.qa.test.HomePageTest" name="ValidateThePageTitle" time="0.0">
    <ignored/>
  </testcase> <!-- ValidateThePageTitle -->
</testsuite> <!-- Test -->
