<?xml version="1.0" encoding="UTF-8"?>
<!-- Generated by org.testng.reporters.JUnitXMLReporter -->
<testsuite ignored="1" hostname="DESKTOP-3EL3S29" failures="3" tests="12" name="Test" time="241.681" errors="0" timestamp="2025-12-20T17:49:56 IST">
  <testcase classname="com.qa.test.HomePageTest" name="doSearchTest" time="3.615">
    <skipped/>
  </testcase> <!-- doSearchTest -->
  <testcase classname="com.qa.test.HomePageTest" name="doSearchTest" time="1.892">
    <skipped/>
  </testcase> <!-- doSearchTest -->
  <testcase classname="com.qa.test.HomePageTest" name="doSearchTest" time="1.853">
    <skipped/>
  </testcase> <!-- doSearchTest -->
  <testcase classname="com.qa.test.HomePageTest" name="doSearchTest" time="1.976">
    <failure type="java.lang.AssertionError" message="expected [Search  Mobile] but found [Search - Mobile]">
      <![CDATA[java.lang.AssertionError: expected [Search  Mobile] but found [Search - Mobile]
at com.qa.test.HomePageTest.doSearchTest(HomePageTest.java:97)
at java.base/java.util.ArrayList.forEach(ArrayList.java:1596)
... Removed 31 stack frames]]>
    </failure>
  </testcase> <!-- doSearchTest -->
  <testcase classname="com.qa.test.HomePageTest" name="doSearchTest" time="1.922">
    <skipped/>
  </testcase> <!-- doSearchTest -->
  <testcase classname="com.qa.test.HomePageTest" name="doSearchTest" time="2.008">
    <skipped/>
  </testcase> <!-- doSearchTest -->
  <testcase classname="com.qa.test.HomePageTest" name="doSearchTest" time="1.892">
    <skipped/>
  </testcase> <!-- doSearchTest -->
  <testcase classname="com.qa.test.HomePageTest" name="doSearchTest" time="1.867">
    <failure type="java.lang.AssertionError" message="expected [Search  Laptop] but found [Search - Laptop]">
      <![CDATA[java.lang.AssertionError: expected [Search  Laptop] but found [Search - Laptop]
at com.qa.test.HomePageTest.doSearchTest(HomePageTest.java:97)
at java.base/java.util.ArrayList.forEach(ArrayList.java:1596)
... Removed 31 stack frames]]>
    </failure>
  </testcase> <!-- doSearchTest -->
  <testcase classname="com.qa.test.HomePageTest" name="doSearchTest" time="1.967">
    <skipped/>
  </testcase> <!-- doSearchTest -->
  <testcase classname="com.qa.test.HomePageTest" name="doSearchTest" time="2.091">
    <skipped/>
  </testcase> <!-- doSearchTest -->
  <testcase classname="com.qa.test.HomePageTest" name="doSearchTest" time="4.629">
    <skipped/>
  </testcase> <!-- doSearchTest -->
  <testcase classname="com.qa.test.HomePageTest" name="doSearchTest" time="2.198">
    <failure type="java.lang.AssertionError" message="expected [Search  Mackbook] but found [Search - Mackbook]">
      <![CDATA[java.lang.AssertionError: expected [Search  Mackbook] but found [Search - Mackbook]
at com.qa.test.HomePageTest.doSearchTest(HomePageTest.java:97)
at java.base/java.util.ArrayList.forEach(ArrayList.java:1596)
... Removed 31 stack frames]]>
    </failure>
  </testcase> <!-- doSearchTest -->
  <testcase classname="com.qa.test.HomePageTest" name="ValidateThePageTitle" time="0.0">
    <ignored/>
  </testcase> <!-- ValidateThePageTitle -->
</testsuite> <!-- Test -->
