<?xml version="1.0" encoding="UTF-8"?>
<!-- Generated by org.testng.reporters.JUnitXMLReporter -->
<testsuite ignored="0" hostname="DESKTOP-3EL3S29" failures="4" tests="9" name="Test" time="208.053" errors="0" timestamp="2025-12-08T19:18:47 IST">
  <testcase classname="com.qa.test.HomePageTest" name="ValidateThePageTitle" time="21.32">
    <failure type="java.lang.AssertionError" message="expected [Your Store] but found [Register Account]">
      <![CDATA[java.lang.AssertionError: expected [Your Store] but found [Register Account]
at com.qa.test.HomePageTest.ValidateThePageTitle(HomePageTest.java:46)
at java.base/java.util.ArrayList.forEach(ArrayList.java:1596)
... Removed 31 stack frames]]>
    </failure>
  </testcase> <!-- ValidateThePageTitle -->
  <testcase classname="com.qa.test.HomePageTest" name="doSearchTest" time="2.09"/>
  <testcase classname="com.qa.test.HomePageTest" name="doSearchTest" time="3.79">
    <failure type="java.lang.AssertionError" message="expected [Search - Laptop] but found [Search - MobileLaptop]">
      <![CDATA[java.lang.AssertionError: expected [Search - Laptop] but found [Search - MobileLaptop]
at com.qa.test.HomePageTest.doSearchTest(HomePageTest.java:90)
at java.base/java.util.ArrayList.forEach(ArrayList.java:1596)
... Removed 31 stack frames]]>
    </failure>
  </testcase> <!-- doSearchTest -->
  <testcase classname="com.qa.test.HomePageTest" name="doSearchTest" time="3.454">
    <failure type="java.lang.AssertionError" message="expected [Search - Mackbook] but found [Search - MobileLaptopMackbook]">
      <![CDATA[java.lang.AssertionError: expected [Search - Mackbook] but found [Search - MobileLaptopMackbook]
at com.qa.test.HomePageTest.doSearchTest(HomePageTest.java:90)
at java.base/java.util.ArrayList.forEach(ArrayList.java:1596)
... Removed 31 stack frames]]>
    </failure>
  </testcase> <!-- doSearchTest -->
  <testcase classname="com.qa.test.RegisterPageTest" name="ValidateRigesterPageTitle" time="0.017">
    <failure type="java.lang.AssertionError" message="expected [Register Account] but found [Search - MobileLaptopMackbook]">
      <![CDATA[java.lang.AssertionError: expected [Register Account] but found [Search - MobileLaptopMackbook]
at com.qa.test.RegisterPageTest.ValidateRigesterPageTitle(RegisterPageTest.java:61)
at java.base/java.util.ArrayList.forEach(ArrayList.java:1596)
... Removed 31 stack frames]]>
    </failure>
  </testcase> <!-- ValidateRigesterPageTitle -->
  <testcase classname="com.qa.test.RegisterPageTest" name="validateAllfieldLabel" time="22.13"/>
  <testcase classname="com.qa.test.RegisterPageTest" name="doRegisterTest" time="21.387"/>
  <testcase classname="com.qa.test.RegisterPageTest" name="doRegisterTest" time="20.285"/>
  <testcase classname="com.qa.test.RegisterPageTest" name="doRegisterTest" time="20.214"/>
</testsuite> <!-- Test -->
