<?xml version="1.0" encoding="UTF-8"?>
<!-- Generated by org.testng.reporters.JUnitXMLReporter -->
<testsuite ignored="1" hostname="DESKTOP-3EL3S29" failures="3" tests="17" name="Test" time="181.48" errors="0" timestamp="2025-12-21T15:57:15 IST">
  <testcase classname="com.qa.test.HomePageTest" name="doSearchTest" time="2.201"/>
  <testcase classname="com.qa.test.HomePageTest" name="doSearchTest" time="1.593"/>
  <testcase classname="com.qa.test.HomePageTest" name="doSearchTest" time="1.659"/>
  <testcase classname="com.qa.test.RegisterPageTest" name="ValidateRigesterPageTitle" time="0.035"/>
  <testcase classname="com.qa.test.RegisterPageTest" name="validateAllfieldLabel" time="0.221"/>
  <testcase classname="com.qa.test.RegisterPageTest" name="doRegisterTest" time="1.983">
    <skipped/>
  </testcase> <!-- doRegisterTest -->
  <testcase classname="com.qa.test.RegisterPageTest" name="doRegisterTest" time="2.278">
    <skipped/>
  </testcase> <!-- doRegisterTest -->
  <testcase classname="com.qa.test.RegisterPageTest" name="doRegisterTest" time="1.605">
    <skipped/>
  </testcase> <!-- doRegisterTest -->
  <testcase classname="com.qa.test.RegisterPageTest" name="doRegisterTest" time="1.739">
    <failure type="java.lang.AssertionError" message="expected [Warning: You must agree to the Privacy Policy!] but found [false]">
      <![CDATA[java.lang.AssertionError: expected [Warning: You must agree to the Privacy Policy!] but found [false]
at com.qa.test.RegisterPageTest.doRegisterTest(RegisterPageTest.java:173)
at java.base/java.util.ArrayList.forEach(ArrayList.java:1604)
... Removed 34 stack frames]]>
    </failure>
  </testcase> <!-- doRegisterTest -->
  <testcase classname="com.qa.test.RegisterPageTest" name="doRegisterTest" time="1.61">
    <skipped/>
  </testcase> <!-- doRegisterTest -->
  <testcase classname="com.qa.test.RegisterPageTest" name="doRegisterTest" time="1.815">
    <skipped/>
  </testcase> <!-- doRegisterTest -->
  <testcase classname="com.qa.test.RegisterPageTest" name="doRegisterTest" time="1.788">
    <skipped/>
  </testcase> <!-- doRegisterTest -->
  <testcase classname="com.qa.test.RegisterPageTest" name="doRegisterTest" time="1.661">
    <failure type="java.lang.AssertionError" message="expected [Warning: You must agree to the Privacy Policy!] but found [false]">
      <![CDATA[java.lang.AssertionError: expected [Warning: You must agree to the Privacy Policy!] but found [false]
at com.qa.test.RegisterPageTest.doRegisterTest(RegisterPageTest.java:173)
at java.base/java.util.ArrayList.forEach(ArrayList.java:1604)
... Removed 34 stack frames]]>
    </failure>
  </testcase> <!-- doRegisterTest -->
  <testcase classname="com.qa.test.RegisterPageTest" name="doRegisterTest" time="1.794">
    <skipped/>
  </testcase> <!-- doRegisterTest -->
  <testcase classname="com.qa.test.RegisterPageTest" name="doRegisterTest" time="1.653">
    <skipped/>
  </testcase> <!-- doRegisterTest -->
  <testcase classname="com.qa.test.RegisterPageTest" name="doRegisterTest" time="1.534">
    <skipped/>
  </testcase> <!-- doRegisterTest -->
  <testcase classname="com.qa.test.RegisterPageTest" name="doRegisterTest" time="1.789">
    <failure type="java.lang.AssertionError" message="expected [Warning: You must agree to the Privacy Policy!] but found [false]">
      <![CDATA[java.lang.AssertionError: expected [Warning: You must agree to the Privacy Policy!] but found [false]
at com.qa.test.RegisterPageTest.doRegisterTest(RegisterPageTest.java:173)
at java.base/java.util.ArrayList.forEach(ArrayList.java:1604)
... Removed 34 stack frames]]>
    </failure>
  </testcase> <!-- doRegisterTest -->
  <testcase classname="com.qa.test.HomePageTest" name="ValidateThePageTitle" time="0.0">
    <ignored/>
  </testcase> <!-- ValidateThePageTitle -->
</testsuite> <!-- Test -->
