<?xml version="1.0" encoding="UTF-8"?>
<!-- Generated by org.testng.reporters.JUnitXMLReporter -->
<testsuite ignored="0" hostname="DESKTOP-3EL3S29" failures="1" tests="9" name="Test" time="109.138" errors="0" timestamp="2025-12-10T01:03:32 IST">
  <testcase classname="com.qa.test.HomePageTest" name="ValidateThePageTitle" time="0.092"/>
  <testcase classname="com.qa.test.HomePageTest" name="doSearchTest" time="2.283"/>
  <testcase classname="com.qa.test.HomePageTest" name="doSearchTest" time="2.232"/>
  <testcase classname="com.qa.test.HomePageTest" name="doSearchTest" time="1.821"/>
  <testcase classname="com.qa.test.RegisterPageTest" name="ValidateRigesterPageTitle" time="0.029"/>
  <testcase classname="com.qa.test.RegisterPageTest" name="validateAllfieldLabel" time="0.181">
    <failure type="java.lang.AssertionError" message="expected [Reward Point] but found [Reward Points]">
      <![CDATA[java.lang.AssertionError: expected [Reward Point] but found [Reward Points]
at com.qa.test.RegisterPageTest.validateAllfieldLabel(RegisterPageTest.java:111)
at java.base/java.util.ArrayList.forEach(ArrayList.java:1604)
... Removed 35 stack frames]]>
    </failure>
  </testcase> <!-- validateAllfieldLabel -->
  <testcase classname="com.qa.test.RegisterPageTest" name="doRegisterTest" time="3.059"/>
  <testcase classname="com.qa.test.RegisterPageTest" name="doRegisterTest" time="2.701"/>
  <testcase classname="com.qa.test.RegisterPageTest" name="doRegisterTest" time="2.183"/>
</testsuite> <!-- Test -->
