<?xml version="1.0" encoding="UTF-8"?>
<!-- Generated by org.testng.reporters.JUnitXMLReporter -->
<testsuite ignored="0" hostname="DESKTOP-3EL3S29" failures="4" tests="9" name="Test" time="177.548" errors="0" timestamp="2025-12-08T00:46:34 IST">
  <testcase classname="com.qa.test.HomePageTest" name="ValidateThePageTitle" time="0.187">
    <failure type="java.lang.AssertionError" message="expected [Your Store] but found [Register Account]">
      <![CDATA[java.lang.AssertionError: expected [Your Store] but found [Register Account]
at com.qa.test.HomePageTest.ValidateThePageTitle(HomePageTest.java:46)
at java.base/java.util.ArrayList.forEach(ArrayList.java:1596)
... Removed 31 stack frames]]>
    </failure>
  </testcase> <!-- ValidateThePageTitle -->
  <testcase classname="com.qa.test.HomePageTest" name="doSearchTest" time="3.429"/>
  <testcase classname="com.qa.test.HomePageTest" name="doSearchTest" time="1.538">
    <failure type="java.lang.AssertionError" message="expected [Search - Laptop] but found [Search - MobileLaptop]">
      <![CDATA[java.lang.AssertionError: expected [Search - Laptop] but found [Search - MobileLaptop]
at com.qa.test.HomePageTest.doSearchTest(HomePageTest.java:90)
at java.base/java.util.ArrayList.forEach(ArrayList.java:1596)
... Removed 31 stack frames]]>
    </failure>
  </testcase> <!-- doSearchTest -->
  <testcase classname="com.qa.test.HomePageTest" name="doSearchTest" time="1.619">
    <failure type="java.lang.AssertionError" message="expected [Search - Mackbook] but found [Search - MobileLaptopMackbook]">
      <![CDATA[java.lang.AssertionError: expected [Search - Mackbook] but found [Search - MobileLaptopMackbook]
at com.qa.test.HomePageTest.doSearchTest(HomePageTest.java:90)
at java.base/java.util.ArrayList.forEach(ArrayList.java:1596)
... Removed 31 stack frames]]>
    </failure>
  </testcase> <!-- doSearchTest -->
  <testcase classname="com.qa.test.RegisterPageTest" name="ValidateRigesterPageTitle" time="0.013">
    <failure type="java.lang.AssertionError" message="expected [Register Account] but found [Search - MobileLaptopMackbook]">
      <![CDATA[java.lang.AssertionError: expected [Register Account] but found [Search - MobileLaptopMackbook]
at com.qa.test.RegisterPageTest.ValidateRigesterPageTitle(RegisterPageTest.java:61)
at java.base/java.util.ArrayList.forEach(ArrayList.java:1596)
... Removed 31 stack frames]]>
    </failure>
  </testcase> <!-- ValidateRigesterPageTitle -->
  <testcase classname="com.qa.test.RegisterPageTest" name="validateAllfieldLabel" time="20.267"/>
  <testcase classname="com.qa.test.RegisterPageTest" name="doRegisterTest" time="20.724"/>
  <testcase classname="com.qa.test.RegisterPageTest" name="doRegisterTest" time="20.274"/>
  <testcase classname="com.qa.test.RegisterPageTest" name="doRegisterTest" time="20.347"/>
</testsuite> <!-- Test -->
