<?xml version="1.0" encoding="UTF-8"?>
<testsuite xmlns:xsi="http://www.w3.org/2001/XMLSchema-instance" xsi:noNamespaceSchemaLocation="https://maven.apache.org/surefire/maven-surefire-plugin/xsd/surefire-test-report-3.0.xsd" version="3.0" name="TestSuite" time="183.061" tests="17" errors="0" skipped="9" failures="3">
  <properties>
[...]
</properties>
  <testcase name="doSearchTest[Mobile](1)" classname="com.qa.test.HomePageTest" time="2.169">
    <system-out><![CDATA[java.io.FileInputStream@2cbb3d47
java.io.FileInputStream@72a7c7e0
2025-12-21T10:24:13.861089600Z main ERROR Log4j API could not find a logging provider.
Mobile
Laptop
Mackbook
java.io.FileInputStream@3ce53f6a
Before navigating to: 'https://naveenautomationlabs.com/opencart/'
Navigated to:'https://naveenautomationlabs.com/opencart/'
java.io.FileInputStream@5412bfea
Trying to find Element By : By.xpath: //input[@placeholder='Search']
Found Element By : By.xpath: //input[@placeholder='Search']
Trying to find Element By : By.xpath: //input[@placeholder='Search']
Found Element By : By.xpath: //input[@placeholder='Search']
Trying to find Element By : By.xpath: //button[@class='btn btn-default btn-lg']
Found Element By : By.xpath: //button[@class='btn btn-default btn-lg']
Trying to click on: [[ChromeDriver: chrome on WINDOWS (44f6a84b1100807746be32f99c2f74c5)] -> xpath: //button[@class='btn btn-default btn-lg']]
Clicked on: [[ChromeDriver: chrome on WINDOWS (44f6a84b1100807746be32f99c2f74c5)] -> xpath: //button[@class='btn btn-default btn-lg']]
Trying to find Element By : By.cssSelector: div[id='content'] h1
Found Element By : By.cssSelector: div[id='content'] h1
PageHeader is Search - Mobile
Search - Mobile
]]></system-out>
    <system-err><![CDATA[SLF4J(W): No SLF4J providers were found.
SLF4J(W): Defaulting to no-operation (NOP) logger implementation
SLF4J(W): See https://www.slf4j.org/codes.html#noProviders for further details.
log4j:WARN No appenders could be found for logger (com.qa.test.HomePageTest).
log4j:WARN Please initialize the log4j system properly.
log4j:WARN See http://logging.apache.org/log4j/1.2/faq.html#noconfig for more info.
Starting ChromeDriver 143.0.7499.169 (164b20aab62509dad21fd46383951aeec084ad1e-refs/branch-heads/7499@{#3399}) on port 5935
Only local connections are allowed.
Please see https://chromedriver.chromium.org/security-considerations for suggestions on keeping ChromeDriver safe.
ChromeDriver was started successfully on port 5935.
Dec 21, 2025 3:54:29 PM org.openqa.selenium.remote.ProtocolHandshake createSession
INFO: Detected dialect: W3C
]]></system-err>
  </testcase>
  <testcase name="doSearchTest[Laptop](2)" classname="com.qa.test.HomePageTest" time="1.58">
    <system-out><![CDATA[java.io.FileInputStream@4fc3c165
Before navigating to: 'https://naveenautomationlabs.com/opencart/'
Navigated to:'https://naveenautomationlabs.com/opencart/'
java.io.FileInputStream@3e33d73e
Trying to find Element By : By.xpath: //input[@placeholder='Search']
Found Element By : By.xpath: //input[@placeholder='Search']
Trying to find Element By : By.xpath: //input[@placeholder='Search']
Found Element By : By.xpath: //input[@placeholder='Search']
Trying to find Element By : By.xpath: //button[@class='btn btn-default btn-lg']
Found Element By : By.xpath: //button[@class='btn btn-default btn-lg']
Trying to click on: [[ChromeDriver: chrome on WINDOWS (30412ddab695725e7b73b18832374853)] -> xpath: //button[@class='btn btn-default btn-lg']]
Clicked on: [[ChromeDriver: chrome on WINDOWS (30412ddab695725e7b73b18832374853)] -> xpath: //button[@class='btn btn-default btn-lg']]
Trying to find Element By : By.cssSelector: div[id='content'] h1
Found Element By : By.cssSelector: div[id='content'] h1
PageHeader is Search - Laptop
Search - Laptop
]]></system-out>
    <system-err><![CDATA[Starting ChromeDriver 143.0.7499.169 (164b20aab62509dad21fd46383951aeec084ad1e-refs/branch-heads/7499@{#3399}) on port 43987
Only local connections are allowed.
Please see https://chromedriver.chromium.org/security-considerations for suggestions on keeping ChromeDriver safe.
ChromeDriver was started successfully on port 43987.
Dec 21, 2025 3:54:48 PM org.openqa.selenium.remote.ProtocolHandshake createSession
INFO: Detected dialect: W3C
]]></system-err>
  </testcase>
  <testcase name="doSearchTest[Mackbook](3)" classname="com.qa.test.HomePageTest" time="1.654">
    <system-out><![CDATA[java.io.FileInputStream@29149030
Before navigating to: 'https://naveenautomationlabs.com/opencart/'
Navigated to:'https://naveenautomationlabs.com/opencart/'
java.io.FileInputStream@3b27b497
Trying to find Element By : By.xpath: //input[@placeholder='Search']
Found Element By : By.xpath: //input[@placeholder='Search']
Trying to find Element By : By.xpath: //input[@placeholder='Search']
Found Element By : By.xpath: //input[@placeholder='Search']
Trying to find Element By : By.xpath: //button[@class='btn btn-default btn-lg']
Found Element By : By.xpath: //button[@class='btn btn-default btn-lg']
Trying to click on: [[ChromeDriver: chrome on WINDOWS (05dfee297adbe5bc749c3273c01d709b)] -> xpath: //button[@class='btn btn-default btn-lg']]
Clicked on: [[ChromeDriver: chrome on WINDOWS (05dfee297adbe5bc749c3273c01d709b)] -> xpath: //button[@class='btn btn-default btn-lg']]
Trying to find Element By : By.cssSelector: div[id='content'] h1
Found Element By : By.cssSelector: div[id='content'] h1
PageHeader is Search - Mackbook
Search - Mackbook
]]></system-out>
    <system-err><![CDATA[Starting ChromeDriver 143.0.7499.169 (164b20aab62509dad21fd46383951aeec084ad1e-refs/branch-heads/7499@{#3399}) on port 7417
Only local connections are allowed.
Please see https://chromedriver.chromium.org/security-considerations for suggestions on keeping ChromeDriver safe.
ChromeDriver was started successfully on port 7417.
Dec 21, 2025 3:55:05 PM org.openqa.selenium.remote.ProtocolHandshake createSession
INFO: Detected dialect: W3C
]]></system-err>
  </testcase>
  <testcase name="ValidateRigesterPageTitle" classname="com.qa.test.RegisterPageTest" time="0.031">
    <system-out><![CDATA[java.io.FileInputStream@5e1dde44
Before navigating to: 'https://naveenautomationlabs.com/opencart/'
Navigated to:'https://naveenautomationlabs.com/opencart/'
java.io.FileInputStream@56399b9e
Trying to find Element By : By.xpath: //span[normalize-space()='My Account']
Found Element By : By.xpath: //span[normalize-space()='My Account']
Trying to click on: [[ChromeDriver: chrome on WINDOWS (05e2caec16a6cbaf41b1b32981b22683)] -> xpath: //span[normalize-space()='My Account']]
Clicked on: [[ChromeDriver: chrome on WINDOWS (05e2caec16a6cbaf41b1b32981b22683)] -> xpath: //span[normalize-space()='My Account']]
Trying to find Element By : By.xpath: //ul[@class='dropdown-menu dropdown-menu-right']//a[normalize-space()='Register']
Found Element By : By.xpath: //ul[@class='dropdown-menu dropdown-menu-right']//a[normalize-space()='Register']
Trying to click on: [[ChromeDriver: chrome on WINDOWS (05e2caec16a6cbaf41b1b32981b22683)] -> xpath: //ul[@class='dropdown-menu dropdown-menu-right']//a[normalize-space()='Register']]
Clicked on: [[ChromeDriver: chrome on WINDOWS (05e2caec16a6cbaf41b1b32981b22683)] -> xpath: //ul[@class='dropdown-menu dropdown-menu-right']//a[normalize-space()='Register']]
java.io.FileInputStream@77c233af
Register Account
Ragister Page titelRegister Account
]]></system-out>
    <system-err><![CDATA[Starting ChromeDriver 143.0.7499.169 (164b20aab62509dad21fd46383951aeec084ad1e-refs/branch-heads/7499@{#3399}) on port 30364
Only local connections are allowed.
Please see https://chromedriver.chromium.org/security-considerations for suggestions on keeping ChromeDriver safe.
ChromeDriver was started successfully on port 30364.
Dec 21, 2025 3:55:16 PM org.openqa.selenium.remote.ProtocolHandshake createSession
INFO: Detected dialect: W3C
]]></system-err>
  </testcase>
  <testcase name="validateAllfieldLabel" classname="com.qa.test.RegisterPageTest" time="0.21">
    <system-out><![CDATA[java.io.FileInputStream@177c41d7
Before navigating to: 'https://naveenautomationlabs.com/opencart/'
Navigated to:'https://naveenautomationlabs.com/opencart/'
java.io.FileInputStream@7cca01a8
Trying to find Element By : By.xpath: //span[normalize-space()='My Account']
Found Element By : By.xpath: //span[normalize-space()='My Account']
Trying to click on: [[ChromeDriver: chrome on WINDOWS (ca6d68c2b7e6676375bcaa856c1ee1e7)] -> xpath: //span[normalize-space()='My Account']]
Clicked on: [[ChromeDriver: chrome on WINDOWS (ca6d68c2b7e6676375bcaa856c1ee1e7)] -> xpath: //span[normalize-space()='My Account']]
Trying to find Element By : By.xpath: //ul[@class='dropdown-menu dropdown-menu-right']//a[normalize-space()='Register']
Found Element By : By.xpath: //ul[@class='dropdown-menu dropdown-menu-right']//a[normalize-space()='Register']
Trying to click on: [[ChromeDriver: chrome on WINDOWS (ca6d68c2b7e6676375bcaa856c1ee1e7)] -> xpath: //ul[@class='dropdown-menu dropdown-menu-right']//a[normalize-space()='Register']]
Clicked on: [[ChromeDriver: chrome on WINDOWS (ca6d68c2b7e6676375bcaa856c1ee1e7)] -> xpath: //ul[@class='dropdown-menu dropdown-menu-right']//a[normalize-space()='Register']]
java.io.FileInputStream@157ec23b
Trying to find Element By : By.xpath: //div[@id='account-register']//a[@class='list-group-item']
Found Element By : By.xpath: //div[@id='account-register']//a[@class='list-group-item']
Totatl Number of Element are ........13
Print Register Page label Name is : ....Login
Print Register Page label Name is : ....Register
Print Register Page label Name is : ....Forgotten Password
Print Register Page label Name is : ....My Account
Print Register Page label Name is : ....Address Book
Print Register Page label Name is : ....Wish List
Print Register Page label Name is : ....Order History
Print Register Page label Name is : ....Downloads
Print Register Page label Name is : ....Recurring payments
Print Register Page label Name is : ....Reward Points
Print Register Page label Name is : ....Returns
Print Register Page label Name is : ....Transactions
Print Register Page label Name is : ....Newsletter
]]></system-out>
    <system-err><![CDATA[Starting ChromeDriver 143.0.7499.169 (164b20aab62509dad21fd46383951aeec084ad1e-refs/branch-heads/7499@{#3399}) on port 2552
Only local connections are allowed.
Please see https://chromedriver.chromium.org/security-considerations for suggestions on keeping ChromeDriver safe.
ChromeDriver was started successfully on port 2552.
Dec 21, 2025 3:55:25 PM org.openqa.selenium.remote.ProtocolHandshake createSession
INFO: Detected dialect: W3C
]]></system-err>
  </testcase>
  <testcase name="doRegisterTest[Fname , LName, Abcd@abcd.com, 9999999999, Dms@test1, Dms@test1](1)" classname="com.qa.test.RegisterPageTest" time="0">
    <skipped message="expected [Warning: You must agree to the Privacy Policy!] but found [false]"/>
    <system-out><![CDATA[Fname 
LName
Abcd@abcd.com
9999999999
Dms@test1
Dms@test1
Fname 
LName
Abc@abc.com
9354984729
Dms@test1
Dms@test1
Fname 
LName
tiwaridhram720@gmail.com
9354984729
Dms@test1
Dms@test1
java.io.FileInputStream@2c991465
Before navigating to: 'https://naveenautomationlabs.com/opencart/'
Navigated to:'https://naveenautomationlabs.com/opencart/'
java.io.FileInputStream@5de5e95
Trying to find Element By : By.xpath: //span[normalize-space()='My Account']
Found Element By : By.xpath: //span[normalize-space()='My Account']
Trying to click on: [[ChromeDriver: chrome on WINDOWS (9dd8f04c947dfa0d8b8b580b7c5276a1)] -> xpath: //span[normalize-space()='My Account']]
Clicked on: [[ChromeDriver: chrome on WINDOWS (9dd8f04c947dfa0d8b8b580b7c5276a1)] -> xpath: //span[normalize-space()='My Account']]
Trying to find Element By : By.xpath: //ul[@class='dropdown-menu dropdown-menu-right']//a[normalize-space()='Register']
Found Element By : By.xpath: //ul[@class='dropdown-menu dropdown-menu-right']//a[normalize-space()='Register']
Trying to click on: [[ChromeDriver: chrome on WINDOWS (9dd8f04c947dfa0d8b8b580b7c5276a1)] -> xpath: //ul[@class='dropdown-menu dropdown-menu-right']//a[normalize-space()='Register']]
Clicked on: [[ChromeDriver: chrome on WINDOWS (9dd8f04c947dfa0d8b8b580b7c5276a1)] -> xpath: //ul[@class='dropdown-menu dropdown-menu-right']//a[normalize-space()='Register']]
java.io.FileInputStream@73c3cd09
Trying to find Element By : By.cssSelector: #input-firstname
Found Element By : By.cssSelector: #input-firstname
Trying to find Element By : By.cssSelector: #input-firstname
Found Element By : By.cssSelector: #input-firstname
Trying to find Element By : By.xpath: //input[@id='input-lastname']
Found Element By : By.xpath: //input[@id='input-lastname']
Trying to find Element By : By.xpath: //input[@id='input-lastname']
Found Element By : By.xpath: //input[@id='input-lastname']
Trying to find Element By : By.xpath: //input[@id='input-email']
Found Element By : By.xpath: //input[@id='input-email']
Trying to find Element By : By.xpath: //input[@id='input-email']
Found Element By : By.xpath: //input[@id='input-email']
Trying to find Element By : By.xpath: //input[@id='input-telephone']
Found Element By : By.xpath: //input[@id='input-telephone']
Trying to find Element By : By.xpath: //input[@id='input-telephone']
Found Element By : By.xpath: //input[@id='input-telephone']
Trying to find Element By : By.xpath: //input[@id='input-password']
Found Element By : By.xpath: //input[@id='input-password']
Trying to find Element By : By.xpath: //input[@id='input-password']
Found Element By : By.xpath: //input[@id='input-password']
Trying to find Element By : By.xpath: //input[@id='input-confirm']
Found Element By : By.xpath: //input[@id='input-confirm']
Trying to find Element By : By.xpath: //input[@id='input-confirm']
Found Element By : By.xpath: //input[@id='input-confirm']
Trying to find Element By : By.xpath: //label[normalize-space()='Yes']
Found Element By : By.xpath: //label[normalize-space()='Yes']
Print Test of RadiobuttonYes
Trying to find Element By : By.xpath: //label[normalize-space()='Yes']
Found Element By : By.xpath: //label[normalize-space()='Yes']
Trying to click on: [[ChromeDriver: chrome on WINDOWS (9dd8f04c947dfa0d8b8b580b7c5276a1)] -> xpath: //label[normalize-space()='Yes']]
Clicked on: [[ChromeDriver: chrome on WINDOWS (9dd8f04c947dfa0d8b8b580b7c5276a1)] -> xpath: //label[normalize-space()='Yes']]
Trying to find Element By : By.xpath: //input[@name='agree']
Found Element By : By.xpath: //input[@name='agree']
Trying to click on: [[ChromeDriver: chrome on WINDOWS (9dd8f04c947dfa0d8b8b580b7c5276a1)] -> xpath: //input[@name='agree']]
Clicked on: [[ChromeDriver: chrome on WINDOWS (9dd8f04c947dfa0d8b8b580b7c5276a1)] -> xpath: //input[@name='agree']]
Trying to find Element By : By.xpath: //input[@value='Continue']
Found Element By : By.xpath: //input[@value='Continue']
Trying to click on: [[ChromeDriver: chrome on WINDOWS (9dd8f04c947dfa0d8b8b580b7c5276a1)] -> xpath: //input[@value='Continue']]
Clicked on: [[ChromeDriver: chrome on WINDOWS (9dd8f04c947dfa0d8b8b580b7c5276a1)] -> xpath: //input[@value='Continue']]
Trying to find Element By : By.xpath: //div[@class='alert alert-danger alert-dismissible']//i
Found Element By : By.xpath: //div[@class='alert alert-danger alert-dismissible']//i
Print Error Message is ! : 
Test cases has been Sussecc
Screen shot capture on the Path C:\Users\LENOVO\AppData\Local\Temp\screenshot4387920476839412722.png
]]></system-out>
    <system-err><![CDATA[Starting ChromeDriver 143.0.7499.169 (164b20aab62509dad21fd46383951aeec084ad1e-refs/branch-heads/7499@{#3399}) on port 20960
Only local connections are allowed.
Please see https://chromedriver.chromium.org/security-considerations for suggestions on keeping ChromeDriver safe.
ChromeDriver was started successfully on port 20960.
Dec 21, 2025 3:55:32 PM org.openqa.selenium.remote.ProtocolHandshake createSession
INFO: Detected dialect: W3C
]]></system-err>
  </testcase>
  <testcase name="doRegisterTest[Fname , LName, Abcd@abcd.com, 9999999999, Dms@test1, Dms@test1](2)" classname="com.qa.test.RegisterPageTest" time="0">
    <skipped message="expected [Warning: You must agree to the Privacy Policy!] but found [false]"/>
    <system-out><![CDATA[java.io.FileInputStream@1f95881a
Before navigating to: 'https://naveenautomationlabs.com/opencart/'
Navigated to:'https://naveenautomationlabs.com/opencart/'
java.io.FileInputStream@287ae90c
Trying to find Element By : By.xpath: //span[normalize-space()='My Account']
Found Element By : By.xpath: //span[normalize-space()='My Account']
Trying to click on: [[ChromeDriver: chrome on WINDOWS (2e954776e143abb831a1df9f03bae349)] -> xpath: //span[normalize-space()='My Account']]
Clicked on: [[ChromeDriver: chrome on WINDOWS (2e954776e143abb831a1df9f03bae349)] -> xpath: //span[normalize-space()='My Account']]
Trying to find Element By : By.xpath: //ul[@class='dropdown-menu dropdown-menu-right']//a[normalize-space()='Register']
Found Element By : By.xpath: //ul[@class='dropdown-menu dropdown-menu-right']//a[normalize-space()='Register']
Trying to click on: [[ChromeDriver: chrome on WINDOWS (2e954776e143abb831a1df9f03bae349)] -> xpath: //ul[@class='dropdown-menu dropdown-menu-right']//a[normalize-space()='Register']]
Clicked on: [[ChromeDriver: chrome on WINDOWS (2e954776e143abb831a1df9f03bae349)] -> xpath: //ul[@class='dropdown-menu dropdown-menu-right']//a[normalize-space()='Register']]
java.io.FileInputStream@2bbb44da
Trying to find Element By : By.cssSelector: #input-firstname
Found Element By : By.cssSelector: #input-firstname
Trying to find Element By : By.cssSelector: #input-firstname
Found Element By : By.cssSelector: #input-firstname
Trying to find Element By : By.xpath: //input[@id='input-lastname']
Found Element By : By.xpath: //input[@id='input-lastname']
Trying to find Element By : By.xpath: //input[@id='input-lastname']
Found Element By : By.xpath: //input[@id='input-lastname']
Trying to find Element By : By.xpath: //input[@id='input-email']
Found Element By : By.xpath: //input[@id='input-email']
Trying to find Element By : By.xpath: //input[@id='input-email']
Found Element By : By.xpath: //input[@id='input-email']
Trying to find Element By : By.xpath: //input[@id='input-telephone']
Found Element By : By.xpath: //input[@id='input-telephone']
Trying to find Element By : By.xpath: //input[@id='input-telephone']
Found Element By : By.xpath: //input[@id='input-telephone']
Trying to find Element By : By.xpath: //input[@id='input-password']
Found Element By : By.xpath: //input[@id='input-password']
Trying to find Element By : By.xpath: //input[@id='input-password']
Found Element By : By.xpath: //input[@id='input-password']
Trying to find Element By : By.xpath: //input[@id='input-confirm']
Found Element By : By.xpath: //input[@id='input-confirm']
Trying to find Element By : By.xpath: //input[@id='input-confirm']
Found Element By : By.xpath: //input[@id='input-confirm']
Trying to find Element By : By.xpath: //label[normalize-space()='Yes']
Found Element By : By.xpath: //label[normalize-space()='Yes']
Print Test of RadiobuttonYes
Trying to find Element By : By.xpath: //label[normalize-space()='Yes']
Found Element By : By.xpath: //label[normalize-space()='Yes']
Trying to click on: [[ChromeDriver: chrome on WINDOWS (2e954776e143abb831a1df9f03bae349)] -> xpath: //label[normalize-space()='Yes']]
Clicked on: [[ChromeDriver: chrome on WINDOWS (2e954776e143abb831a1df9f03bae349)] -> xpath: //label[normalize-space()='Yes']]
Trying to find Element By : By.xpath: //input[@name='agree']
Found Element By : By.xpath: //input[@name='agree']
Trying to click on: [[ChromeDriver: chrome on WINDOWS (2e954776e143abb831a1df9f03bae349)] -> xpath: //input[@name='agree']]
Clicked on: [[ChromeDriver: chrome on WINDOWS (2e954776e143abb831a1df9f03bae349)] -> xpath: //input[@name='agree']]
Trying to find Element By : By.xpath: //input[@value='Continue']
Found Element By : By.xpath: //input[@value='Continue']
Trying to click on: [[ChromeDriver: chrome on WINDOWS (2e954776e143abb831a1df9f03bae349)] -> xpath: //input[@value='Continue']]
Clicked on: [[ChromeDriver: chrome on WINDOWS (2e954776e143abb831a1df9f03bae349)] -> xpath: //input[@value='Continue']]
Trying to find Element By : By.xpath: //div[@class='alert alert-danger alert-dismissible']//i
Found Element By : By.xpath: //div[@class='alert alert-danger alert-dismissible']//i
Print Error Message is ! : 
Test cases has been Sussecc
Screen shot capture on the Path C:\Users\LENOVO\AppData\Local\Temp\screenshot4110099105622228576.png
]]></system-out>
    <system-err><![CDATA[Starting ChromeDriver 143.0.7499.169 (164b20aab62509dad21fd46383951aeec084ad1e-refs/branch-heads/7499@{#3399}) on port 2845
Only local connections are allowed.
Please see https://chromedriver.chromium.org/security-considerations for suggestions on keeping ChromeDriver safe.
ChromeDriver was started successfully on port 2845.
Dec 21, 2025 3:55:41 PM org.openqa.selenium.remote.ProtocolHandshake createSession
INFO: Detected dialect: W3C
]]></system-err>
  </testcase>
  <testcase name="doRegisterTest[Fname , LName, Abcd@abcd.com, 9999999999, Dms@test1, Dms@test1](3)" classname="com.qa.test.RegisterPageTest" time="0">
    <skipped message="expected [Warning: You must agree to the Privacy Policy!] but found [false]"/>
    <system-out><![CDATA[java.io.FileInputStream@18b6d3c1
Before navigating to: 'https://naveenautomationlabs.com/opencart/'
Navigated to:'https://naveenautomationlabs.com/opencart/'
java.io.FileInputStream@19489b27
Trying to find Element By : By.xpath: //span[normalize-space()='My Account']
Found Element By : By.xpath: //span[normalize-space()='My Account']
Trying to click on: [[ChromeDriver: chrome on WINDOWS (44bac4e500444d48c661261a7c908764)] -> xpath: //span[normalize-space()='My Account']]
Clicked on: [[ChromeDriver: chrome on WINDOWS (44bac4e500444d48c661261a7c908764)] -> xpath: //span[normalize-space()='My Account']]
Trying to find Element By : By.xpath: //ul[@class='dropdown-menu dropdown-menu-right']//a[normalize-space()='Register']
Found Element By : By.xpath: //ul[@class='dropdown-menu dropdown-menu-right']//a[normalize-space()='Register']
Trying to click on: [[ChromeDriver: chrome on WINDOWS (44bac4e500444d48c661261a7c908764)] -> xpath: //ul[@class='dropdown-menu dropdown-menu-right']//a[normalize-space()='Register']]
Clicked on: [[ChromeDriver: chrome on WINDOWS (44bac4e500444d48c661261a7c908764)] -> xpath: //ul[@class='dropdown-menu dropdown-menu-right']//a[normalize-space()='Register']]
java.io.FileInputStream@202898d7
Trying to find Element By : By.cssSelector: #input-firstname
Found Element By : By.cssSelector: #input-firstname
Trying to find Element By : By.cssSelector: #input-firstname
Found Element By : By.cssSelector: #input-firstname
Trying to find Element By : By.xpath: //input[@id='input-lastname']
Found Element By : By.xpath: //input[@id='input-lastname']
Trying to find Element By : By.xpath: //input[@id='input-lastname']
Found Element By : By.xpath: //input[@id='input-lastname']
Trying to find Element By : By.xpath: //input[@id='input-email']
Found Element By : By.xpath: //input[@id='input-email']
Trying to find Element By : By.xpath: //input[@id='input-email']
Found Element By : By.xpath: //input[@id='input-email']
Trying to find Element By : By.xpath: //input[@id='input-telephone']
Found Element By : By.xpath: //input[@id='input-telephone']
Trying to find Element By : By.xpath: //input[@id='input-telephone']
Found Element By : By.xpath: //input[@id='input-telephone']
Trying to find Element By : By.xpath: //input[@id='input-password']
Found Element By : By.xpath: //input[@id='input-password']
Trying to find Element By : By.xpath: //input[@id='input-password']
Found Element By : By.xpath: //input[@id='input-password']
Trying to find Element By : By.xpath: //input[@id='input-confirm']
Found Element By : By.xpath: //input[@id='input-confirm']
Trying to find Element By : By.xpath: //input[@id='input-confirm']
Found Element By : By.xpath: //input[@id='input-confirm']
Trying to find Element By : By.xpath: //label[normalize-space()='Yes']
Found Element By : By.xpath: //label[normalize-space()='Yes']
Print Test of RadiobuttonYes
Trying to find Element By : By.xpath: //label[normalize-space()='Yes']
Found Element By : By.xpath: //label[normalize-space()='Yes']
Trying to click on: [[ChromeDriver: chrome on WINDOWS (44bac4e500444d48c661261a7c908764)] -> xpath: //label[normalize-space()='Yes']]
Clicked on: [[ChromeDriver: chrome on WINDOWS (44bac4e500444d48c661261a7c908764)] -> xpath: //label[normalize-space()='Yes']]
Trying to find Element By : By.xpath: //input[@name='agree']
Found Element By : By.xpath: //input[@name='agree']
Trying to click on: [[ChromeDriver: chrome on WINDOWS (44bac4e500444d48c661261a7c908764)] -> xpath: //input[@name='agree']]
Clicked on: [[ChromeDriver: chrome on WINDOWS (44bac4e500444d48c661261a7c908764)] -> xpath: //input[@name='agree']]
Trying to find Element By : By.xpath: //input[@value='Continue']
Found Element By : By.xpath: //input[@value='Continue']
Trying to click on: [[ChromeDriver: chrome on WINDOWS (44bac4e500444d48c661261a7c908764)] -> xpath: //input[@value='Continue']]
Clicked on: [[ChromeDriver: chrome on WINDOWS (44bac4e500444d48c661261a7c908764)] -> xpath: //input[@value='Continue']]
Trying to find Element By : By.xpath: //div[@class='alert alert-danger alert-dismissible']//i
Found Element By : By.xpath: //div[@class='alert alert-danger alert-dismissible']//i
Print Error Message is ! : 
Test cases has been Sussecc
Screen shot capture on the Path C:\Users\LENOVO\AppData\Local\Temp\screenshot13420720993177268002.png
]]></system-out>
    <system-err><![CDATA[Starting ChromeDriver 143.0.7499.169 (164b20aab62509dad21fd46383951aeec084ad1e-refs/branch-heads/7499@{#3399}) on port 34390
Only local connections are allowed.
Please see https://chromedriver.chromium.org/security-considerations for suggestions on keeping ChromeDriver safe.
ChromeDriver was started successfully on port 34390.
Dec 21, 2025 3:55:49 PM org.openqa.selenium.remote.ProtocolHandshake createSession
INFO: Detected dialect: W3C
]]></system-err>
  </testcase>
  <testcase name="doRegisterTest[Fname , LName, Abcd@abcd.com, 9999999999, Dms@test1, Dms@test1](4)" classname="com.qa.test.RegisterPageTest" time="1.752">
    <failure message="expected [Warning: You must agree to the Privacy Policy!] but found [false]" type="java.lang.AssertionError"><![CDATA[java.lang.AssertionError: expected [Warning: You must agree to the Privacy Policy!] but found [false]
	at com.qa.test.RegisterPageTest.doRegisterTest(RegisterPageTest.java:173)
]]></failure>
    <system-out><![CDATA[java.io.FileInputStream@5e50df2e
Before navigating to: 'https://naveenautomationlabs.com/opencart/'
Navigated to:'https://naveenautomationlabs.com/opencart/'
java.io.FileInputStream@2dd1086
Trying to find Element By : By.xpath: //span[normalize-space()='My Account']
Found Element By : By.xpath: //span[normalize-space()='My Account']
Trying to click on: [[ChromeDriver: chrome on WINDOWS (0bb09cb2658a5f2c00f58d6a0a1cdc19)] -> xpath: //span[normalize-space()='My Account']]
Clicked on: [[ChromeDriver: chrome on WINDOWS (0bb09cb2658a5f2c00f58d6a0a1cdc19)] -> xpath: //span[normalize-space()='My Account']]
Trying to find Element By : By.xpath: //ul[@class='dropdown-menu dropdown-menu-right']//a[normalize-space()='Register']
Found Element By : By.xpath: //ul[@class='dropdown-menu dropdown-menu-right']//a[normalize-space()='Register']
Trying to click on: [[ChromeDriver: chrome on WINDOWS (0bb09cb2658a5f2c00f58d6a0a1cdc19)] -> xpath: //ul[@class='dropdown-menu dropdown-menu-right']//a[normalize-space()='Register']]
Clicked on: [[ChromeDriver: chrome on WINDOWS (0bb09cb2658a5f2c00f58d6a0a1cdc19)] -> xpath: //ul[@class='dropdown-menu dropdown-menu-right']//a[normalize-space()='Register']]
java.io.FileInputStream@c4d2c44
Trying to find Element By : By.cssSelector: #input-firstname
Found Element By : By.cssSelector: #input-firstname
Trying to find Element By : By.cssSelector: #input-firstname
Found Element By : By.cssSelector: #input-firstname
Trying to find Element By : By.xpath: //input[@id='input-lastname']
Found Element By : By.xpath: //input[@id='input-lastname']
Trying to find Element By : By.xpath: //input[@id='input-lastname']
Found Element By : By.xpath: //input[@id='input-lastname']
Trying to find Element By : By.xpath: //input[@id='input-email']
Found Element By : By.xpath: //input[@id='input-email']
Trying to find Element By : By.xpath: //input[@id='input-email']
Found Element By : By.xpath: //input[@id='input-email']
Trying to find Element By : By.xpath: //input[@id='input-telephone']
Found Element By : By.xpath: //input[@id='input-telephone']
Trying to find Element By : By.xpath: //input[@id='input-telephone']
Found Element By : By.xpath: //input[@id='input-telephone']
Trying to find Element By : By.xpath: //input[@id='input-password']
Found Element By : By.xpath: //input[@id='input-password']
Trying to find Element By : By.xpath: //input[@id='input-password']
Found Element By : By.xpath: //input[@id='input-password']
Trying to find Element By : By.xpath: //input[@id='input-confirm']
Found Element By : By.xpath: //input[@id='input-confirm']
Trying to find Element By : By.xpath: //input[@id='input-confirm']
Found Element By : By.xpath: //input[@id='input-confirm']
Trying to find Element By : By.xpath: //label[normalize-space()='Yes']
Found Element By : By.xpath: //label[normalize-space()='Yes']
Print Test of RadiobuttonYes
Trying to find Element By : By.xpath: //label[normalize-space()='Yes']
Found Element By : By.xpath: //label[normalize-space()='Yes']
Trying to click on: [[ChromeDriver: chrome on WINDOWS (0bb09cb2658a5f2c00f58d6a0a1cdc19)] -> xpath: //label[normalize-space()='Yes']]
Clicked on: [[ChromeDriver: chrome on WINDOWS (0bb09cb2658a5f2c00f58d6a0a1cdc19)] -> xpath: //label[normalize-space()='Yes']]
Trying to find Element By : By.xpath: //input[@name='agree']
Found Element By : By.xpath: //input[@name='agree']
Trying to click on: [[ChromeDriver: chrome on WINDOWS (0bb09cb2658a5f2c00f58d6a0a1cdc19)] -> xpath: //input[@name='agree']]
Clicked on: [[ChromeDriver: chrome on WINDOWS (0bb09cb2658a5f2c00f58d6a0a1cdc19)] -> xpath: //input[@name='agree']]
Trying to find Element By : By.xpath: //input[@value='Continue']
Found Element By : By.xpath: //input[@value='Continue']
Trying to click on: [[ChromeDriver: chrome on WINDOWS (0bb09cb2658a5f2c00f58d6a0a1cdc19)] -> xpath: //input[@value='Continue']]
Clicked on: [[ChromeDriver: chrome on WINDOWS (0bb09cb2658a5f2c00f58d6a0a1cdc19)] -> xpath: //input[@value='Continue']]
Trying to find Element By : By.xpath: //div[@class='alert alert-danger alert-dismissible']//i
Found Element By : By.xpath: //div[@class='alert alert-danger alert-dismissible']//i
Print Error Message is ! : 
Test cases has been Sussecc
Screen shot capture on the Path C:\Users\LENOVO\AppData\Local\Temp\screenshot16989120780233835024.png
]]></system-out>
    <system-err><![CDATA[Starting ChromeDriver 143.0.7499.169 (164b20aab62509dad21fd46383951aeec084ad1e-refs/branch-heads/7499@{#3399}) on port 47430
Only local connections are allowed.
Please see https://chromedriver.chromium.org/security-considerations for suggestions on keeping ChromeDriver safe.
ChromeDriver was started successfully on port 47430.
Dec 21, 2025 3:55:57 PM org.openqa.selenium.remote.ProtocolHandshake createSession
INFO: Detected dialect: W3C
]]></system-err>
  </testcase>
  <testcase name="doRegisterTest[Fname , LName, Abc@abc.com, 9354984729, Dms@test1, Dms@test1](5)" classname="com.qa.test.RegisterPageTest" time="0">
    <skipped message="expected [Warning: You must agree to the Privacy Policy!] but found [false]"/>
    <system-out><![CDATA[java.io.FileInputStream@1595d2b2
Before navigating to: 'https://naveenautomationlabs.com/opencart/'
Navigated to:'https://naveenautomationlabs.com/opencart/'
java.io.FileInputStream@22791b75
Trying to find Element By : By.xpath: //span[normalize-space()='My Account']
Found Element By : By.xpath: //span[normalize-space()='My Account']
Trying to click on: [[ChromeDriver: chrome on WINDOWS (49cfadab0e8c963df9b9767476c937d3)] -> xpath: //span[normalize-space()='My Account']]
Clicked on: [[ChromeDriver: chrome on WINDOWS (49cfadab0e8c963df9b9767476c937d3)] -> xpath: //span[normalize-space()='My Account']]
Trying to find Element By : By.xpath: //ul[@class='dropdown-menu dropdown-menu-right']//a[normalize-space()='Register']
Found Element By : By.xpath: //ul[@class='dropdown-menu dropdown-menu-right']//a[normalize-space()='Register']
Trying to click on: [[ChromeDriver: chrome on WINDOWS (49cfadab0e8c963df9b9767476c937d3)] -> xpath: //ul[@class='dropdown-menu dropdown-menu-right']//a[normalize-space()='Register']]
Clicked on: [[ChromeDriver: chrome on WINDOWS (49cfadab0e8c963df9b9767476c937d3)] -> xpath: //ul[@class='dropdown-menu dropdown-menu-right']//a[normalize-space()='Register']]
java.io.FileInputStream@787988f4
Trying to find Element By : By.cssSelector: #input-firstname
Found Element By : By.cssSelector: #input-firstname
Trying to find Element By : By.cssSelector: #input-firstname
Found Element By : By.cssSelector: #input-firstname
Trying to find Element By : By.xpath: //input[@id='input-lastname']
Found Element By : By.xpath: //input[@id='input-lastname']
Trying to find Element By : By.xpath: //input[@id='input-lastname']
Found Element By : By.xpath: //input[@id='input-lastname']
Trying to find Element By : By.xpath: //input[@id='input-email']
Found Element By : By.xpath: //input[@id='input-email']
Trying to find Element By : By.xpath: //input[@id='input-email']
Found Element By : By.xpath: //input[@id='input-email']
Trying to find Element By : By.xpath: //input[@id='input-telephone']
Found Element By : By.xpath: //input[@id='input-telephone']
Trying to find Element By : By.xpath: //input[@id='input-telephone']
Found Element By : By.xpath: //input[@id='input-telephone']
Trying to find Element By : By.xpath: //input[@id='input-password']
Found Element By : By.xpath: //input[@id='input-password']
Trying to find Element By : By.xpath: //input[@id='input-password']
Found Element By : By.xpath: //input[@id='input-password']
Trying to find Element By : By.xpath: //input[@id='input-confirm']
Found Element By : By.xpath: //input[@id='input-confirm']
Trying to find Element By : By.xpath: //input[@id='input-confirm']
Found Element By : By.xpath: //input[@id='input-confirm']
Trying to find Element By : By.xpath: //label[normalize-space()='Yes']
Found Element By : By.xpath: //label[normalize-space()='Yes']
Print Test of RadiobuttonYes
Trying to find Element By : By.xpath: //label[normalize-space()='Yes']
Found Element By : By.xpath: //label[normalize-space()='Yes']
Trying to click on: [[ChromeDriver: chrome on WINDOWS (49cfadab0e8c963df9b9767476c937d3)] -> xpath: //label[normalize-space()='Yes']]
Clicked on: [[ChromeDriver: chrome on WINDOWS (49cfadab0e8c963df9b9767476c937d3)] -> xpath: //label[normalize-space()='Yes']]
Trying to find Element By : By.xpath: //input[@name='agree']
Found Element By : By.xpath: //input[@name='agree']
Trying to click on: [[ChromeDriver: chrome on WINDOWS (49cfadab0e8c963df9b9767476c937d3)] -> xpath: //input[@name='agree']]
Clicked on: [[ChromeDriver: chrome on WINDOWS (49cfadab0e8c963df9b9767476c937d3)] -> xpath: //input[@name='agree']]
Trying to find Element By : By.xpath: //input[@value='Continue']
Found Element By : By.xpath: //input[@value='Continue']
Trying to click on: [[ChromeDriver: chrome on WINDOWS (49cfadab0e8c963df9b9767476c937d3)] -> xpath: //input[@value='Continue']]
Clicked on: [[ChromeDriver: chrome on WINDOWS (49cfadab0e8c963df9b9767476c937d3)] -> xpath: //input[@value='Continue']]
Trying to find Element By : By.xpath: //div[@class='alert alert-danger alert-dismissible']//i
Found Element By : By.xpath: //div[@class='alert alert-danger alert-dismissible']//i
Print Error Message is ! : 
Test cases has been Sussecc
Screen shot capture on the Path C:\Users\LENOVO\AppData\Local\Temp\screenshot14495139374195670023.png
]]></system-out>
    <system-err><![CDATA[Starting ChromeDriver 143.0.7499.169 (164b20aab62509dad21fd46383951aeec084ad1e-refs/branch-heads/7499@{#3399}) on port 15751
Only local connections are allowed.
Please see https://chromedriver.chromium.org/security-considerations for suggestions on keeping ChromeDriver safe.
ChromeDriver was started successfully on port 15751.
Dec 21, 2025 3:56:07 PM org.openqa.selenium.remote.ProtocolHandshake createSession
INFO: Detected dialect: W3C
]]></system-err>
  </testcase>
  <testcase name="doRegisterTest[Fname , LName, Abc@abc.com, 9354984729, Dms@test1, Dms@test1](6)" classname="com.qa.test.RegisterPageTest" time="0">
    <skipped message="expected [Warning: You must agree to the Privacy Policy!] but found [false]"/>
    <system-out><![CDATA[java.io.FileInputStream@3a9b41a0
Before navigating to: 'https://naveenautomationlabs.com/opencart/'
Navigated to:'https://naveenautomationlabs.com/opencart/'
java.io.FileInputStream@10618775
Trying to find Element By : By.xpath: //span[normalize-space()='My Account']
Found Element By : By.xpath: //span[normalize-space()='My Account']
Trying to click on: [[ChromeDriver: chrome on WINDOWS (8545c6d3c6a9ae929068cc48de178d6f)] -> xpath: //span[normalize-space()='My Account']]
Clicked on: [[ChromeDriver: chrome on WINDOWS (8545c6d3c6a9ae929068cc48de178d6f)] -> xpath: //span[normalize-space()='My Account']]
Trying to find Element By : By.xpath: //ul[@class='dropdown-menu dropdown-menu-right']//a[normalize-space()='Register']
Found Element By : By.xpath: //ul[@class='dropdown-menu dropdown-menu-right']//a[normalize-space()='Register']
Trying to click on: [[ChromeDriver: chrome on WINDOWS (8545c6d3c6a9ae929068cc48de178d6f)] -> xpath: //ul[@class='dropdown-menu dropdown-menu-right']//a[normalize-space()='Register']]
Clicked on: [[ChromeDriver: chrome on WINDOWS (8545c6d3c6a9ae929068cc48de178d6f)] -> xpath: //ul[@class='dropdown-menu dropdown-menu-right']//a[normalize-space()='Register']]
java.io.FileInputStream@2e362407
Trying to find Element By : By.cssSelector: #input-firstname
Found Element By : By.cssSelector: #input-firstname
Trying to find Element By : By.cssSelector: #input-firstname
Found Element By : By.cssSelector: #input-firstname
Trying to find Element By : By.xpath: //input[@id='input-lastname']
Found Element By : By.xpath: //input[@id='input-lastname']
Trying to find Element By : By.xpath: //input[@id='input-lastname']
Found Element By : By.xpath: //input[@id='input-lastname']
Trying to find Element By : By.xpath: //input[@id='input-email']
Found Element By : By.xpath: //input[@id='input-email']
Trying to find Element By : By.xpath: //input[@id='input-email']
Found Element By : By.xpath: //input[@id='input-email']
Trying to find Element By : By.xpath: //input[@id='input-telephone']
Found Element By : By.xpath: //input[@id='input-telephone']
Trying to find Element By : By.xpath: //input[@id='input-telephone']
Found Element By : By.xpath: //input[@id='input-telephone']
Trying to find Element By : By.xpath: //input[@id='input-password']
Found Element By : By.xpath: //input[@id='input-password']
Trying to find Element By : By.xpath: //input[@id='input-password']
Found Element By : By.xpath: //input[@id='input-password']
Trying to find Element By : By.xpath: //input[@id='input-confirm']
Found Element By : By.xpath: //input[@id='input-confirm']
Trying to find Element By : By.xpath: //input[@id='input-confirm']
Found Element By : By.xpath: //input[@id='input-confirm']
Trying to find Element By : By.xpath: //label[normalize-space()='Yes']
Found Element By : By.xpath: //label[normalize-space()='Yes']
Print Test of RadiobuttonYes
Trying to find Element By : By.xpath: //label[normalize-space()='Yes']
Found Element By : By.xpath: //label[normalize-space()='Yes']
Trying to click on: [[ChromeDriver: chrome on WINDOWS (8545c6d3c6a9ae929068cc48de178d6f)] -> xpath: //label[normalize-space()='Yes']]
Clicked on: [[ChromeDriver: chrome on WINDOWS (8545c6d3c6a9ae929068cc48de178d6f)] -> xpath: //label[normalize-space()='Yes']]
Trying to find Element By : By.xpath: //input[@name='agree']
Found Element By : By.xpath: //input[@name='agree']
Trying to click on: [[ChromeDriver: chrome on WINDOWS (8545c6d3c6a9ae929068cc48de178d6f)] -> xpath: //input[@name='agree']]
Clicked on: [[ChromeDriver: chrome on WINDOWS (8545c6d3c6a9ae929068cc48de178d6f)] -> xpath: //input[@name='agree']]
Trying to find Element By : By.xpath: //input[@value='Continue']
Found Element By : By.xpath: //input[@value='Continue']
Trying to click on: [[ChromeDriver: chrome on WINDOWS (8545c6d3c6a9ae929068cc48de178d6f)] -> xpath: //input[@value='Continue']]
Clicked on: [[ChromeDriver: chrome on WINDOWS (8545c6d3c6a9ae929068cc48de178d6f)] -> xpath: //input[@value='Continue']]
Trying to find Element By : By.xpath: //div[@class='alert alert-danger alert-dismissible']//i
Found Element By : By.xpath: //div[@class='alert alert-danger alert-dismissible']//i
Print Error Message is ! : 
Test cases has been Sussecc
Screen shot capture on the Path C:\Users\LENOVO\AppData\Local\Temp\screenshot6063920840260473132.png
]]></system-out>
    <system-err><![CDATA[Starting ChromeDriver 143.0.7499.169 (164b20aab62509dad21fd46383951aeec084ad1e-refs/branch-heads/7499@{#3399}) on port 4533
Only local connections are allowed.
Please see https://chromedriver.chromium.org/security-considerations for suggestions on keeping ChromeDriver safe.
ChromeDriver was started successfully on port 4533.
Dec 21, 2025 3:56:16 PM org.openqa.selenium.remote.ProtocolHandshake createSession
INFO: Detected dialect: W3C
]]></system-err>
  </testcase>
  <testcase name="doRegisterTest[Fname , LName, Abc@abc.com, 9354984729, Dms@test1, Dms@test1](7)" classname="com.qa.test.RegisterPageTest" time="0">
    <skipped message="expected [Warning: You must agree to the Privacy Policy!] but found [false]"/>
    <system-out><![CDATA[java.io.FileInputStream@7cdb7fc
Before navigating to: 'https://naveenautomationlabs.com/opencart/'
Navigated to:'https://naveenautomationlabs.com/opencart/'
java.io.FileInputStream@796c68bf
Trying to find Element By : By.xpath: //span[normalize-space()='My Account']
Found Element By : By.xpath: //span[normalize-space()='My Account']
Trying to click on: [[ChromeDriver: chrome on WINDOWS (d095109e182f180e6ccaa6e1b07fb9bb)] -> xpath: //span[normalize-space()='My Account']]
Clicked on: [[ChromeDriver: chrome on WINDOWS (d095109e182f180e6ccaa6e1b07fb9bb)] -> xpath: //span[normalize-space()='My Account']]
Trying to find Element By : By.xpath: //ul[@class='dropdown-menu dropdown-menu-right']//a[normalize-space()='Register']
Found Element By : By.xpath: //ul[@class='dropdown-menu dropdown-menu-right']//a[normalize-space()='Register']
Trying to click on: [[ChromeDriver: chrome on WINDOWS (d095109e182f180e6ccaa6e1b07fb9bb)] -> xpath: //ul[@class='dropdown-menu dropdown-menu-right']//a[normalize-space()='Register']]
Clicked on: [[ChromeDriver: chrome on WINDOWS (d095109e182f180e6ccaa6e1b07fb9bb)] -> xpath: //ul[@class='dropdown-menu dropdown-menu-right']//a[normalize-space()='Register']]
java.io.FileInputStream@4c5da4f9
Trying to find Element By : By.cssSelector: #input-firstname
Found Element By : By.cssSelector: #input-firstname
Trying to find Element By : By.cssSelector: #input-firstname
Found Element By : By.cssSelector: #input-firstname
Trying to find Element By : By.xpath: //input[@id='input-lastname']
Found Element By : By.xpath: //input[@id='input-lastname']
Trying to find Element By : By.xpath: //input[@id='input-lastname']
Found Element By : By.xpath: //input[@id='input-lastname']
Trying to find Element By : By.xpath: //input[@id='input-email']
Found Element By : By.xpath: //input[@id='input-email']
Trying to find Element By : By.xpath: //input[@id='input-email']
Found Element By : By.xpath: //input[@id='input-email']
Trying to find Element By : By.xpath: //input[@id='input-telephone']
Found Element By : By.xpath: //input[@id='input-telephone']
Trying to find Element By : By.xpath: //input[@id='input-telephone']
Found Element By : By.xpath: //input[@id='input-telephone']
Trying to find Element By : By.xpath: //input[@id='input-password']
Found Element By : By.xpath: //input[@id='input-password']
Trying to find Element By : By.xpath: //input[@id='input-password']
Found Element By : By.xpath: //input[@id='input-password']
Trying to find Element By : By.xpath: //input[@id='input-confirm']
Found Element By : By.xpath: //input[@id='input-confirm']
Trying to find Element By : By.xpath: //input[@id='input-confirm']
Found Element By : By.xpath: //input[@id='input-confirm']
Trying to find Element By : By.xpath: //label[normalize-space()='Yes']
Found Element By : By.xpath: //label[normalize-space()='Yes']
Print Test of RadiobuttonYes
Trying to find Element By : By.xpath: //label[normalize-space()='Yes']
Found Element By : By.xpath: //label[normalize-space()='Yes']
Trying to click on: [[ChromeDriver: chrome on WINDOWS (d095109e182f180e6ccaa6e1b07fb9bb)] -> xpath: //label[normalize-space()='Yes']]
Clicked on: [[ChromeDriver: chrome on WINDOWS (d095109e182f180e6ccaa6e1b07fb9bb)] -> xpath: //label[normalize-space()='Yes']]
Trying to find Element By : By.xpath: //input[@name='agree']
Found Element By : By.xpath: //input[@name='agree']
Trying to click on: [[ChromeDriver: chrome on WINDOWS (d095109e182f180e6ccaa6e1b07fb9bb)] -> xpath: //input[@name='agree']]
Clicked on: [[ChromeDriver: chrome on WINDOWS (d095109e182f180e6ccaa6e1b07fb9bb)] -> xpath: //input[@name='agree']]
Trying to find Element By : By.xpath: //input[@value='Continue']
Found Element By : By.xpath: //input[@value='Continue']
Trying to click on: [[ChromeDriver: chrome on WINDOWS (d095109e182f180e6ccaa6e1b07fb9bb)] -> xpath: //input[@value='Continue']]
Clicked on: [[ChromeDriver: chrome on WINDOWS (d095109e182f180e6ccaa6e1b07fb9bb)] -> xpath: //input[@value='Continue']]
Trying to find Element By : By.xpath: //div[@class='alert alert-danger alert-dismissible']//i
Found Element By : By.xpath: //div[@class='alert alert-danger alert-dismissible']//i
Print Error Message is ! : 
Test cases has been Sussecc
Screen shot capture on the Path C:\Users\LENOVO\AppData\Local\Temp\screenshot9837500043030428586.png
]]></system-out>
    <system-err><![CDATA[Starting ChromeDriver 143.0.7499.169 (164b20aab62509dad21fd46383951aeec084ad1e-refs/branch-heads/7499@{#3399}) on port 48794
Only local connections are allowed.
Please see https://chromedriver.chromium.org/security-considerations for suggestions on keeping ChromeDriver safe.
ChromeDriver was started successfully on port 48794.
Dec 21, 2025 3:56:24 PM org.openqa.selenium.remote.ProtocolHandshake createSession
INFO: Detected dialect: W3C
]]></system-err>
  </testcase>
  <testcase name="doRegisterTest[Fname , LName, Abc@abc.com, 9354984729, Dms@test1, Dms@test1](8)" classname="com.qa.test.RegisterPageTest" time="1.643">
    <failure message="expected [Warning: You must agree to the Privacy Policy!] but found [false]" type="java.lang.AssertionError"><![CDATA[java.lang.AssertionError: expected [Warning: You must agree to the Privacy Policy!] but found [false]
	at com.qa.test.RegisterPageTest.doRegisterTest(RegisterPageTest.java:173)
]]></failure>
    <system-out><![CDATA[java.io.FileInputStream@27d73d22
Before navigating to: 'https://naveenautomationlabs.com/opencart/'
Navigated to:'https://naveenautomationlabs.com/opencart/'
java.io.FileInputStream@4bfa5eb9
Trying to find Element By : By.xpath: //span[normalize-space()='My Account']
Found Element By : By.xpath: //span[normalize-space()='My Account']
Trying to click on: [[ChromeDriver: chrome on WINDOWS (80e0cb42e59df4312d2aeb4b7df0733f)] -> xpath: //span[normalize-space()='My Account']]
Clicked on: [[ChromeDriver: chrome on WINDOWS (80e0cb42e59df4312d2aeb4b7df0733f)] -> xpath: //span[normalize-space()='My Account']]
Trying to find Element By : By.xpath: //ul[@class='dropdown-menu dropdown-menu-right']//a[normalize-space()='Register']
Found Element By : By.xpath: //ul[@class='dropdown-menu dropdown-menu-right']//a[normalize-space()='Register']
Trying to click on: [[ChromeDriver: chrome on WINDOWS (80e0cb42e59df4312d2aeb4b7df0733f)] -> xpath: //ul[@class='dropdown-menu dropdown-menu-right']//a[normalize-space()='Register']]
Clicked on: [[ChromeDriver: chrome on WINDOWS (80e0cb42e59df4312d2aeb4b7df0733f)] -> xpath: //ul[@class='dropdown-menu dropdown-menu-right']//a[normalize-space()='Register']]
java.io.FileInputStream@350bbd5d
Trying to find Element By : By.cssSelector: #input-firstname
Found Element By : By.cssSelector: #input-firstname
Trying to find Element By : By.cssSelector: #input-firstname
Found Element By : By.cssSelector: #input-firstname
Trying to find Element By : By.xpath: //input[@id='input-lastname']
Found Element By : By.xpath: //input[@id='input-lastname']
Trying to find Element By : By.xpath: //input[@id='input-lastname']
Found Element By : By.xpath: //input[@id='input-lastname']
Trying to find Element By : By.xpath: //input[@id='input-email']
Found Element By : By.xpath: //input[@id='input-email']
Trying to find Element By : By.xpath: //input[@id='input-email']
Found Element By : By.xpath: //input[@id='input-email']
Trying to find Element By : By.xpath: //input[@id='input-telephone']
Found Element By : By.xpath: //input[@id='input-telephone']
Trying to find Element By : By.xpath: //input[@id='input-telephone']
Found Element By : By.xpath: //input[@id='input-telephone']
Trying to find Element By : By.xpath: //input[@id='input-password']
Found Element By : By.xpath: //input[@id='input-password']
Trying to find Element By : By.xpath: //input[@id='input-password']
Found Element By : By.xpath: //input[@id='input-password']
Trying to find Element By : By.xpath: //input[@id='input-confirm']
Found Element By : By.xpath: //input[@id='input-confirm']
Trying to find Element By : By.xpath: //input[@id='input-confirm']
Found Element By : By.xpath: //input[@id='input-confirm']
Trying to find Element By : By.xpath: //label[normalize-space()='Yes']
Found Element By : By.xpath: //label[normalize-space()='Yes']
Print Test of RadiobuttonYes
Trying to find Element By : By.xpath: //label[normalize-space()='Yes']
Found Element By : By.xpath: //label[normalize-space()='Yes']
Trying to click on: [[ChromeDriver: chrome on WINDOWS (80e0cb42e59df4312d2aeb4b7df0733f)] -> xpath: //label[normalize-space()='Yes']]
Clicked on: [[ChromeDriver: chrome on WINDOWS (80e0cb42e59df4312d2aeb4b7df0733f)] -> xpath: //label[normalize-space()='Yes']]
Trying to find Element By : By.xpath: //input[@name='agree']
Found Element By : By.xpath: //input[@name='agree']
Trying to click on: [[ChromeDriver: chrome on WINDOWS (80e0cb42e59df4312d2aeb4b7df0733f)] -> xpath: //input[@name='agree']]
Clicked on: [[ChromeDriver: chrome on WINDOWS (80e0cb42e59df4312d2aeb4b7df0733f)] -> xpath: //input[@name='agree']]
Trying to find Element By : By.xpath: //input[@value='Continue']
Found Element By : By.xpath: //input[@value='Continue']
Trying to click on: [[ChromeDriver: chrome on WINDOWS (80e0cb42e59df4312d2aeb4b7df0733f)] -> xpath: //input[@value='Continue']]
Clicked on: [[ChromeDriver: chrome on WINDOWS (80e0cb42e59df4312d2aeb4b7df0733f)] -> xpath: //input[@value='Continue']]
Trying to find Element By : By.xpath: //div[@class='alert alert-danger alert-dismissible']//i
Found Element By : By.xpath: //div[@class='alert alert-danger alert-dismissible']//i
Print Error Message is ! : 
Test cases has been Sussecc
Screen shot capture on the Path C:\Users\LENOVO\AppData\Local\Temp\screenshot14231262144284221269.png
]]></system-out>
    <system-err><![CDATA[Starting ChromeDriver 143.0.7499.169 (164b20aab62509dad21fd46383951aeec084ad1e-refs/branch-heads/7499@{#3399}) on port 3997
Only local connections are allowed.
Please see https://chromedriver.chromium.org/security-considerations for suggestions on keeping ChromeDriver safe.
ChromeDriver was started successfully on port 3997.
Dec 21, 2025 3:56:33 PM org.openqa.selenium.remote.ProtocolHandshake createSession
INFO: Detected dialect: W3C
]]></system-err>
  </testcase>
  <testcase name="doRegisterTest[Fname , LName, tiwaridhram720@gmail.com, 9354984729, Dms@test1, Dms@test1](9)" classname="com.qa.test.RegisterPageTest" time="0">
    <skipped message="expected [Warning: You must agree to the Privacy Policy!] but found [false]"/>
    <system-out><![CDATA[java.io.FileInputStream@4b5798c2
Before navigating to: 'https://naveenautomationlabs.com/opencart/'
Navigated to:'https://naveenautomationlabs.com/opencart/'
java.io.FileInputStream@6ac756b
Trying to find Element By : By.xpath: //span[normalize-space()='My Account']
Found Element By : By.xpath: //span[normalize-space()='My Account']
Trying to click on: [[ChromeDriver: chrome on WINDOWS (e186852639c80954e3a6543ac4fe64bb)] -> xpath: //span[normalize-space()='My Account']]
Clicked on: [[ChromeDriver: chrome on WINDOWS (e186852639c80954e3a6543ac4fe64bb)] -> xpath: //span[normalize-space()='My Account']]
Trying to find Element By : By.xpath: //ul[@class='dropdown-menu dropdown-menu-right']//a[normalize-space()='Register']
Found Element By : By.xpath: //ul[@class='dropdown-menu dropdown-menu-right']//a[normalize-space()='Register']
Trying to click on: [[ChromeDriver: chrome on WINDOWS (e186852639c80954e3a6543ac4fe64bb)] -> xpath: //ul[@class='dropdown-menu dropdown-menu-right']//a[normalize-space()='Register']]
Clicked on: [[ChromeDriver: chrome on WINDOWS (e186852639c80954e3a6543ac4fe64bb)] -> xpath: //ul[@class='dropdown-menu dropdown-menu-right']//a[normalize-space()='Register']]
java.io.FileInputStream@ab327c
Trying to find Element By : By.cssSelector: #input-firstname
Found Element By : By.cssSelector: #input-firstname
Trying to find Element By : By.cssSelector: #input-firstname
Found Element By : By.cssSelector: #input-firstname
Trying to find Element By : By.xpath: //input[@id='input-lastname']
Found Element By : By.xpath: //input[@id='input-lastname']
Trying to find Element By : By.xpath: //input[@id='input-lastname']
Found Element By : By.xpath: //input[@id='input-lastname']
Trying to find Element By : By.xpath: //input[@id='input-email']
Found Element By : By.xpath: //input[@id='input-email']
Trying to find Element By : By.xpath: //input[@id='input-email']
Found Element By : By.xpath: //input[@id='input-email']
Trying to find Element By : By.xpath: //input[@id='input-telephone']
Found Element By : By.xpath: //input[@id='input-telephone']
Trying to find Element By : By.xpath: //input[@id='input-telephone']
Found Element By : By.xpath: //input[@id='input-telephone']
Trying to find Element By : By.xpath: //input[@id='input-password']
Found Element By : By.xpath: //input[@id='input-password']
Trying to find Element By : By.xpath: //input[@id='input-password']
Found Element By : By.xpath: //input[@id='input-password']
Trying to find Element By : By.xpath: //input[@id='input-confirm']
Found Element By : By.xpath: //input[@id='input-confirm']
Trying to find Element By : By.xpath: //input[@id='input-confirm']
Found Element By : By.xpath: //input[@id='input-confirm']
Trying to find Element By : By.xpath: //label[normalize-space()='Yes']
Found Element By : By.xpath: //label[normalize-space()='Yes']
Print Test of RadiobuttonYes
Trying to find Element By : By.xpath: //label[normalize-space()='Yes']
Found Element By : By.xpath: //label[normalize-space()='Yes']
Trying to click on: [[ChromeDriver: chrome on WINDOWS (e186852639c80954e3a6543ac4fe64bb)] -> xpath: //label[normalize-space()='Yes']]
Clicked on: [[ChromeDriver: chrome on WINDOWS (e186852639c80954e3a6543ac4fe64bb)] -> xpath: //label[normalize-space()='Yes']]
Trying to find Element By : By.xpath: //input[@name='agree']
Found Element By : By.xpath: //input[@name='agree']
Trying to click on: [[ChromeDriver: chrome on WINDOWS (e186852639c80954e3a6543ac4fe64bb)] -> xpath: //input[@name='agree']]
Clicked on: [[ChromeDriver: chrome on WINDOWS (e186852639c80954e3a6543ac4fe64bb)] -> xpath: //input[@name='agree']]
Trying to find Element By : By.xpath: //input[@value='Continue']
Found Element By : By.xpath: //input[@value='Continue']
Trying to click on: [[ChromeDriver: chrome on WINDOWS (e186852639c80954e3a6543ac4fe64bb)] -> xpath: //input[@value='Continue']]
Clicked on: [[ChromeDriver: chrome on WINDOWS (e186852639c80954e3a6543ac4fe64bb)] -> xpath: //input[@value='Continue']]
Trying to find Element By : By.xpath: //div[@class='alert alert-danger alert-dismissible']//i
Found Element By : By.xpath: //div[@class='alert alert-danger alert-dismissible']//i
Print Error Message is ! : 
Test cases has been Sussecc
Screen shot capture on the Path C:\Users\LENOVO\AppData\Local\Temp\screenshot13024619111170235891.png
]]></system-out>
    <system-err><![CDATA[Starting ChromeDriver 143.0.7499.169 (164b20aab62509dad21fd46383951aeec084ad1e-refs/branch-heads/7499@{#3399}) on port 42782
Only local connections are allowed.
Please see https://chromedriver.chromium.org/security-considerations for suggestions on keeping ChromeDriver safe.
ChromeDriver was started successfully on port 42782.
Dec 21, 2025 3:56:42 PM org.openqa.selenium.remote.ProtocolHandshake createSession
INFO: Detected dialect: W3C
]]></system-err>
  </testcase>
  <testcase name="doRegisterTest[Fname , LName, tiwaridhram720@gmail.com, 9354984729, Dms@test1, Dms@test1](10)" classname="com.qa.test.RegisterPageTest" time="0">
    <skipped message="expected [Warning: You must agree to the Privacy Policy!] but found [false]"/>
    <system-out><![CDATA[java.io.FileInputStream@279c4e3b
Before navigating to: 'https://naveenautomationlabs.com/opencart/'
Navigated to:'https://naveenautomationlabs.com/opencart/'
java.io.FileInputStream@7ffcb232
Trying to find Element By : By.xpath: //span[normalize-space()='My Account']
Found Element By : By.xpath: //span[normalize-space()='My Account']
Trying to click on: [[ChromeDriver: chrome on WINDOWS (7bcc3d7ddc26cca26702987ff3ae608b)] -> xpath: //span[normalize-space()='My Account']]
Clicked on: [[ChromeDriver: chrome on WINDOWS (7bcc3d7ddc26cca26702987ff3ae608b)] -> xpath: //span[normalize-space()='My Account']]
Trying to find Element By : By.xpath: //ul[@class='dropdown-menu dropdown-menu-right']//a[normalize-space()='Register']
Found Element By : By.xpath: //ul[@class='dropdown-menu dropdown-menu-right']//a[normalize-space()='Register']
Trying to click on: [[ChromeDriver: chrome on WINDOWS (7bcc3d7ddc26cca26702987ff3ae608b)] -> xpath: //ul[@class='dropdown-menu dropdown-menu-right']//a[normalize-space()='Register']]
Clicked on: [[ChromeDriver: chrome on WINDOWS (7bcc3d7ddc26cca26702987ff3ae608b)] -> xpath: //ul[@class='dropdown-menu dropdown-menu-right']//a[normalize-space()='Register']]
java.io.FileInputStream@6fd7aba8
Trying to find Element By : By.cssSelector: #input-firstname
Found Element By : By.cssSelector: #input-firstname
Trying to find Element By : By.cssSelector: #input-firstname
Found Element By : By.cssSelector: #input-firstname
Trying to find Element By : By.xpath: //input[@id='input-lastname']
Found Element By : By.xpath: //input[@id='input-lastname']
Trying to find Element By : By.xpath: //input[@id='input-lastname']
Found Element By : By.xpath: //input[@id='input-lastname']
Trying to find Element By : By.xpath: //input[@id='input-email']
Found Element By : By.xpath: //input[@id='input-email']
Trying to find Element By : By.xpath: //input[@id='input-email']
Found Element By : By.xpath: //input[@id='input-email']
Trying to find Element By : By.xpath: //input[@id='input-telephone']
Found Element By : By.xpath: //input[@id='input-telephone']
Trying to find Element By : By.xpath: //input[@id='input-telephone']
Found Element By : By.xpath: //input[@id='input-telephone']
Trying to find Element By : By.xpath: //input[@id='input-password']
Found Element By : By.xpath: //input[@id='input-password']
Trying to find Element By : By.xpath: //input[@id='input-password']
Found Element By : By.xpath: //input[@id='input-password']
Trying to find Element By : By.xpath: //input[@id='input-confirm']
Found Element By : By.xpath: //input[@id='input-confirm']
Trying to find Element By : By.xpath: //input[@id='input-confirm']
Found Element By : By.xpath: //input[@id='input-confirm']
Trying to find Element By : By.xpath: //label[normalize-space()='Yes']
Found Element By : By.xpath: //label[normalize-space()='Yes']
Print Test of RadiobuttonYes
Trying to find Element By : By.xpath: //label[normalize-space()='Yes']
Found Element By : By.xpath: //label[normalize-space()='Yes']
Trying to click on: [[ChromeDriver: chrome on WINDOWS (7bcc3d7ddc26cca26702987ff3ae608b)] -> xpath: //label[normalize-space()='Yes']]
Clicked on: [[ChromeDriver: chrome on WINDOWS (7bcc3d7ddc26cca26702987ff3ae608b)] -> xpath: //label[normalize-space()='Yes']]
Trying to find Element By : By.xpath: //input[@name='agree']
Found Element By : By.xpath: //input[@name='agree']
Trying to click on: [[ChromeDriver: chrome on WINDOWS (7bcc3d7ddc26cca26702987ff3ae608b)] -> xpath: //input[@name='agree']]
Clicked on: [[ChromeDriver: chrome on WINDOWS (7bcc3d7ddc26cca26702987ff3ae608b)] -> xpath: //input[@name='agree']]
Trying to find Element By : By.xpath: //input[@value='Continue']
Found Element By : By.xpath: //input[@value='Continue']
Trying to click on: [[ChromeDriver: chrome on WINDOWS (7bcc3d7ddc26cca26702987ff3ae608b)] -> xpath: //input[@value='Continue']]
Clicked on: [[ChromeDriver: chrome on WINDOWS (7bcc3d7ddc26cca26702987ff3ae608b)] -> xpath: //input[@value='Continue']]
Trying to find Element By : By.xpath: //div[@class='alert alert-danger alert-dismissible']//i
Found Element By : By.xpath: //div[@class='alert alert-danger alert-dismissible']//i
Print Error Message is ! : 
Test cases has been Sussecc
Screen shot capture on the Path C:\Users\LENOVO\AppData\Local\Temp\screenshot15906420671727584622.png
]]></system-out>
    <system-err><![CDATA[Starting ChromeDriver 143.0.7499.169 (164b20aab62509dad21fd46383951aeec084ad1e-refs/branch-heads/7499@{#3399}) on port 26669
Only local connections are allowed.
Please see https://chromedriver.chromium.org/security-considerations for suggestions on keeping ChromeDriver safe.
ChromeDriver was started successfully on port 26669.
Dec 21, 2025 3:56:50 PM org.openqa.selenium.remote.ProtocolHandshake createSession
INFO: Detected dialect: W3C
]]></system-err>
  </testcase>
  <testcase name="doRegisterTest[Fname , LName, tiwaridhram720@gmail.com, 9354984729, Dms@test1, Dms@test1](11)" classname="com.qa.test.RegisterPageTest" time="0">
    <skipped message="expected [Warning: You must agree to the Privacy Policy!] but found [false]"/>
    <system-out><![CDATA[java.io.FileInputStream@3a80c534
Before navigating to: 'https://naveenautomationlabs.com/opencart/'
Navigated to:'https://naveenautomationlabs.com/opencart/'
java.io.FileInputStream@3620eab
Trying to find Element By : By.xpath: //span[normalize-space()='My Account']
Found Element By : By.xpath: //span[normalize-space()='My Account']
Trying to click on: [[ChromeDriver: chrome on WINDOWS (0ee5ee1073f3f3cb7427164d30a86a22)] -> xpath: //span[normalize-space()='My Account']]
Clicked on: [[ChromeDriver: chrome on WINDOWS (0ee5ee1073f3f3cb7427164d30a86a22)] -> xpath: //span[normalize-space()='My Account']]
Trying to find Element By : By.xpath: //ul[@class='dropdown-menu dropdown-menu-right']//a[normalize-space()='Register']
Found Element By : By.xpath: //ul[@class='dropdown-menu dropdown-menu-right']//a[normalize-space()='Register']
Trying to click on: [[ChromeDriver: chrome on WINDOWS (0ee5ee1073f3f3cb7427164d30a86a22)] -> xpath: //ul[@class='dropdown-menu dropdown-menu-right']//a[normalize-space()='Register']]
Clicked on: [[ChromeDriver: chrome on WINDOWS (0ee5ee1073f3f3cb7427164d30a86a22)] -> xpath: //ul[@class='dropdown-menu dropdown-menu-right']//a[normalize-space()='Register']]
java.io.FileInputStream@590dea35
Trying to find Element By : By.cssSelector: #input-firstname
Found Element By : By.cssSelector: #input-firstname
Trying to find Element By : By.cssSelector: #input-firstname
Found Element By : By.cssSelector: #input-firstname
Trying to find Element By : By.xpath: //input[@id='input-lastname']
Found Element By : By.xpath: //input[@id='input-lastname']
Trying to find Element By : By.xpath: //input[@id='input-lastname']
Found Element By : By.xpath: //input[@id='input-lastname']
Trying to find Element By : By.xpath: //input[@id='input-email']
Found Element By : By.xpath: //input[@id='input-email']
Trying to find Element By : By.xpath: //input[@id='input-email']
Found Element By : By.xpath: //input[@id='input-email']
Trying to find Element By : By.xpath: //input[@id='input-telephone']
Found Element By : By.xpath: //input[@id='input-telephone']
Trying to find Element By : By.xpath: //input[@id='input-telephone']
Found Element By : By.xpath: //input[@id='input-telephone']
Trying to find Element By : By.xpath: //input[@id='input-password']
Found Element By : By.xpath: //input[@id='input-password']
Trying to find Element By : By.xpath: //input[@id='input-password']
Found Element By : By.xpath: //input[@id='input-password']
Trying to find Element By : By.xpath: //input[@id='input-confirm']
Found Element By : By.xpath: //input[@id='input-confirm']
Trying to find Element By : By.xpath: //input[@id='input-confirm']
Found Element By : By.xpath: //input[@id='input-confirm']
Trying to find Element By : By.xpath: //label[normalize-space()='Yes']
Found Element By : By.xpath: //label[normalize-space()='Yes']
Print Test of RadiobuttonYes
Trying to find Element By : By.xpath: //label[normalize-space()='Yes']
Found Element By : By.xpath: //label[normalize-space()='Yes']
Trying to click on: [[ChromeDriver: chrome on WINDOWS (0ee5ee1073f3f3cb7427164d30a86a22)] -> xpath: //label[normalize-space()='Yes']]
Clicked on: [[ChromeDriver: chrome on WINDOWS (0ee5ee1073f3f3cb7427164d30a86a22)] -> xpath: //label[normalize-space()='Yes']]
Trying to find Element By : By.xpath: //input[@name='agree']
Found Element By : By.xpath: //input[@name='agree']
Trying to click on: [[ChromeDriver: chrome on WINDOWS (0ee5ee1073f3f3cb7427164d30a86a22)] -> xpath: //input[@name='agree']]
Clicked on: [[ChromeDriver: chrome on WINDOWS (0ee5ee1073f3f3cb7427164d30a86a22)] -> xpath: //input[@name='agree']]
Trying to find Element By : By.xpath: //input[@value='Continue']
Found Element By : By.xpath: //input[@value='Continue']
Trying to click on: [[ChromeDriver: chrome on WINDOWS (0ee5ee1073f3f3cb7427164d30a86a22)] -> xpath: //input[@value='Continue']]
Clicked on: [[ChromeDriver: chrome on WINDOWS (0ee5ee1073f3f3cb7427164d30a86a22)] -> xpath: //input[@value='Continue']]
Trying to find Element By : By.xpath: //div[@class='alert alert-danger alert-dismissible']//i
Found Element By : By.xpath: //div[@class='alert alert-danger alert-dismissible']//i
Print Error Message is ! : 
Test cases has been Sussecc
Screen shot capture on the Path C:\Users\LENOVO\AppData\Local\Temp\screenshot10821792835466139179.png
]]></system-out>
    <system-err><![CDATA[Starting ChromeDriver 143.0.7499.169 (164b20aab62509dad21fd46383951aeec084ad1e-refs/branch-heads/7499@{#3399}) on port 40192
Only local connections are allowed.
Please see https://chromedriver.chromium.org/security-considerations for suggestions on keeping ChromeDriver safe.
ChromeDriver was started successfully on port 40192.
Dec 21, 2025 3:56:58 PM org.openqa.selenium.remote.ProtocolHandshake createSession
INFO: Detected dialect: W3C
]]></system-err>
  </testcase>
  <testcase name="doRegisterTest[Fname , LName, tiwaridhram720@gmail.com, 9354984729, Dms@test1, Dms@test1](12)" classname="com.qa.test.RegisterPageTest" time="1.783">
    <failure message="expected [Warning: You must agree to the Privacy Policy!] but found [false]" type="java.lang.AssertionError"><![CDATA[java.lang.AssertionError: expected [Warning: You must agree to the Privacy Policy!] but found [false]
	at com.qa.test.RegisterPageTest.doRegisterTest(RegisterPageTest.java:173)
]]></failure>
    <system-out><![CDATA[java.io.FileInputStream@2a531637
Before navigating to: 'https://naveenautomationlabs.com/opencart/'
Navigated to:'https://naveenautomationlabs.com/opencart/'
java.io.FileInputStream@702cfbde
Trying to find Element By : By.xpath: //span[normalize-space()='My Account']
Found Element By : By.xpath: //span[normalize-space()='My Account']
Trying to click on: [[ChromeDriver: chrome on WINDOWS (0389d01d1ba6867747e262339d806bb6)] -> xpath: //span[normalize-space()='My Account']]
Clicked on: [[ChromeDriver: chrome on WINDOWS (0389d01d1ba6867747e262339d806bb6)] -> xpath: //span[normalize-space()='My Account']]
Trying to find Element By : By.xpath: //ul[@class='dropdown-menu dropdown-menu-right']//a[normalize-space()='Register']
Found Element By : By.xpath: //ul[@class='dropdown-menu dropdown-menu-right']//a[normalize-space()='Register']
Trying to click on: [[ChromeDriver: chrome on WINDOWS (0389d01d1ba6867747e262339d806bb6)] -> xpath: //ul[@class='dropdown-menu dropdown-menu-right']//a[normalize-space()='Register']]
Clicked on: [[ChromeDriver: chrome on WINDOWS (0389d01d1ba6867747e262339d806bb6)] -> xpath: //ul[@class='dropdown-menu dropdown-menu-right']//a[normalize-space()='Register']]
java.io.FileInputStream@224d537d
Trying to find Element By : By.cssSelector: #input-firstname
Found Element By : By.cssSelector: #input-firstname
Trying to find Element By : By.cssSelector: #input-firstname
Found Element By : By.cssSelector: #input-firstname
Trying to find Element By : By.xpath: //input[@id='input-lastname']
Found Element By : By.xpath: //input[@id='input-lastname']
Trying to find Element By : By.xpath: //input[@id='input-lastname']
Found Element By : By.xpath: //input[@id='input-lastname']
Trying to find Element By : By.xpath: //input[@id='input-email']
Found Element By : By.xpath: //input[@id='input-email']
Trying to find Element By : By.xpath: //input[@id='input-email']
Found Element By : By.xpath: //input[@id='input-email']
Trying to find Element By : By.xpath: //input[@id='input-telephone']
Found Element By : By.xpath: //input[@id='input-telephone']
Trying to find Element By : By.xpath: //input[@id='input-telephone']
Found Element By : By.xpath: //input[@id='input-telephone']
Trying to find Element By : By.xpath: //input[@id='input-password']
Found Element By : By.xpath: //input[@id='input-password']
Trying to find Element By : By.xpath: //input[@id='input-password']
Found Element By : By.xpath: //input[@id='input-password']
Trying to find Element By : By.xpath: //input[@id='input-confirm']
Found Element By : By.xpath: //input[@id='input-confirm']
Trying to find Element By : By.xpath: //input[@id='input-confirm']
Found Element By : By.xpath: //input[@id='input-confirm']
Trying to find Element By : By.xpath: //label[normalize-space()='Yes']
Found Element By : By.xpath: //label[normalize-space()='Yes']
Print Test of RadiobuttonYes
Trying to find Element By : By.xpath: //label[normalize-space()='Yes']
Found Element By : By.xpath: //label[normalize-space()='Yes']
Trying to click on: [[ChromeDriver: chrome on WINDOWS (0389d01d1ba6867747e262339d806bb6)] -> xpath: //label[normalize-space()='Yes']]
Clicked on: [[ChromeDriver: chrome on WINDOWS (0389d01d1ba6867747e262339d806bb6)] -> xpath: //label[normalize-space()='Yes']]
Trying to find Element By : By.xpath: //input[@name='agree']
Found Element By : By.xpath: //input[@name='agree']
Trying to click on: [[ChromeDriver: chrome on WINDOWS (0389d01d1ba6867747e262339d806bb6)] -> xpath: //input[@name='agree']]
Clicked on: [[ChromeDriver: chrome on WINDOWS (0389d01d1ba6867747e262339d806bb6)] -> xpath: //input[@name='agree']]
Trying to find Element By : By.xpath: //input[@value='Continue']
Found Element By : By.xpath: //input[@value='Continue']
Trying to click on: [[ChromeDriver: chrome on WINDOWS (0389d01d1ba6867747e262339d806bb6)] -> xpath: //input[@value='Continue']]
Clicked on: [[ChromeDriver: chrome on WINDOWS (0389d01d1ba6867747e262339d806bb6)] -> xpath: //input[@value='Continue']]
Trying to find Element By : By.xpath: //div[@class='alert alert-danger alert-dismissible']//i
Found Element By : By.xpath: //div[@class='alert alert-danger alert-dismissible']//i
Print Error Message is ! : 
Test cases has been Sussecc
Screen shot capture on the Path C:\Users\LENOVO\AppData\Local\Temp\screenshot1790561345618944163.png
]]></system-out>
    <system-err><![CDATA[Starting ChromeDriver 143.0.7499.169 (164b20aab62509dad21fd46383951aeec084ad1e-refs/branch-heads/7499@{#3399}) on port 42149
Only local connections are allowed.
Please see https://chromedriver.chromium.org/security-considerations for suggestions on keeping ChromeDriver safe.
ChromeDriver was started successfully on port 42149.
Dec 21, 2025 3:57:07 PM org.openqa.selenium.remote.ProtocolHandshake createSession
INFO: Detected dialect: W3C
]]></system-err>
  </testcase>
</testsuite>