<?xml version="1.0" encoding="UTF-8"?>
<testsuite xmlns:xsi="http://www.w3.org/2001/XMLSchema-instance" xsi:noNamespaceSchemaLocation="https://maven.apache.org/surefire/maven-surefire-plugin/xsd/surefire-test-report-3.0.xsd" version="3.0" name="TestSuite" time="220.571" tests="12" errors="0" skipped="3" failures="1">
  <properties>
[...]
</properties>
  <testcase name="ValidateThePageTitle" classname="com.qa.test.HomePageTest" time="0">
    <skipped message="expected [Your Stor] but found [Your Store]"/>
    <system-out><![CDATA[java.io.FileInputStream@2cbb3d47
java.io.FileInputStream@72a7c7e0
java.io.FileInputStream@3b718392
Before navigating to: 'https://naveenautomationlabs.com/opencart/'
Navigated to:'https://naveenautomationlabs.com/opencart/'
java.io.FileInputStream@73e132e0
Prinnt PageTitleYour Store
]]></system-out>
    <system-err><![CDATA[SLF4J(W): No SLF4J providers were found.
SLF4J(W): Defaulting to no-operation (NOP) logger implementation
SLF4J(W): See https://www.slf4j.org/codes.html#noProviders for further details.
log4j:WARN No appenders could be found for logger (com.qa.test.HomePageTest).
log4j:WARN Please initialize the log4j system properly.
log4j:WARN See http://logging.apache.org/log4j/1.2/faq.html#noconfig for more info.
Starting ChromeDriver 143.0.7499.169 (164b20aab62509dad21fd46383951aeec084ad1e-refs/branch-heads/7499@{#3399}) on port 43358
Only local connections are allowed.
Please see https://chromedriver.chromium.org/security-considerations for suggestions on keeping ChromeDriver safe.
ChromeDriver was started successfully on port 43358.
Dec 22, 2025 1:02:44 PM org.openqa.selenium.remote.ProtocolHandshake createSession
INFO: Detected dialect: W3C
]]></system-err>
  </testcase>
  <testcase name="ValidateThePageTitle" classname="com.qa.test.HomePageTest" time="0">
    <skipped message="expected [Your Stor] but found [Your Store]"/>
    <system-out><![CDATA[java.io.FileInputStream@7f4037ed
Before navigating to: 'https://naveenautomationlabs.com/opencart/'
Navigated to:'https://naveenautomationlabs.com/opencart/'
java.io.FileInputStream@39ab59f8
Prinnt PageTitleYour Store
]]></system-out>
    <system-err><![CDATA[Starting ChromeDriver 143.0.7499.169 (164b20aab62509dad21fd46383951aeec084ad1e-refs/branch-heads/7499@{#3399}) on port 1911
Only local connections are allowed.
Please see https://chromedriver.chromium.org/security-considerations for suggestions on keeping ChromeDriver safe.
ChromeDriver was started successfully on port 1911.
Dec 22, 2025 1:02:59 PM org.openqa.selenium.remote.ProtocolHandshake createSession
INFO: Detected dialect: W3C
]]></system-err>
  </testcase>
  <testcase name="ValidateThePageTitle" classname="com.qa.test.HomePageTest" time="0">
    <skipped message="expected [Your Stor] but found [Your Store]"/>
    <system-out><![CDATA[java.io.FileInputStream@41477a6d
Before navigating to: 'https://naveenautomationlabs.com/opencart/'
Navigated to:'https://naveenautomationlabs.com/opencart/'
java.io.FileInputStream@3605c4d3
Prinnt PageTitleYour Store
]]></system-out>
    <system-err><![CDATA[Starting ChromeDriver 143.0.7499.169 (164b20aab62509dad21fd46383951aeec084ad1e-refs/branch-heads/7499@{#3399}) on port 6134
Only local connections are allowed.
Please see https://chromedriver.chromium.org/security-considerations for suggestions on keeping ChromeDriver safe.
ChromeDriver was started successfully on port 6134.
Dec 22, 2025 1:03:12 PM org.openqa.selenium.remote.ProtocolHandshake createSession
INFO: Detected dialect: W3C
]]></system-err>
  </testcase>
  <testcase name="ValidateThePageTitle" classname="com.qa.test.HomePageTest" time="0.051">
    <failure message="expected [Your Stor] but found [Your Store]" type="java.lang.AssertionError"><![CDATA[java.lang.AssertionError: expected [Your Stor] but found [Your Store]
	at com.qa.test.HomePageTest.ValidateThePageTitle(HomePageTest.java:51)
]]></failure>
    <system-out><![CDATA[java.io.FileInputStream@31e32ea2
Before navigating to: 'https://naveenautomationlabs.com/opencart/'
Navigated to:'https://naveenautomationlabs.com/opencart/'
java.io.FileInputStream@30404dba
Prinnt PageTitleYour Store
]]></system-out>
    <system-err><![CDATA[Starting ChromeDriver 143.0.7499.169 (164b20aab62509dad21fd46383951aeec084ad1e-refs/branch-heads/7499@{#3399}) on port 29114
Only local connections are allowed.
Please see https://chromedriver.chromium.org/security-considerations for suggestions on keeping ChromeDriver safe.
ChromeDriver was started successfully on port 29114.
Dec 22, 2025 1:03:26 PM org.openqa.selenium.remote.ProtocolHandshake createSession
INFO: Detected dialect: W3C
]]></system-err>
  </testcase>
  <testcase name="doSearchTest[Mobile](1)" classname="com.qa.test.HomePageTest" time="3.275">
    <system-out><![CDATA[2025-12-22T07:33:37.241100300Z main ERROR Log4j API could not find a logging provider.
Mobile
Laptop
Mackbook
java.io.FileInputStream@36bf84e
Before navigating to: 'https://naveenautomationlabs.com/opencart/'
Navigated to:'https://naveenautomationlabs.com/opencart/'
java.io.FileInputStream@4715ae33
Trying to find Element By : By.xpath: //input[@placeholder='Search']
Found Element By : By.xpath: //input[@placeholder='Search']
Trying to find Element By : By.xpath: //input[@placeholder='Search']
Found Element By : By.xpath: //input[@placeholder='Search']
Trying to find Element By : By.xpath: //button[@class='btn btn-default btn-lg']
Found Element By : By.xpath: //button[@class='btn btn-default btn-lg']
Trying to click on: [[ChromeDriver: chrome on WINDOWS (374d7b75c2e3f3ae290cc1d7144d1231)] -> xpath: //button[@class='btn btn-default btn-lg']]
Clicked on: [[ChromeDriver: chrome on WINDOWS (374d7b75c2e3f3ae290cc1d7144d1231)] -> xpath: //button[@class='btn btn-default btn-lg']]
Trying to find Element By : By.cssSelector: div[id='content'] h1
Found Element By : By.cssSelector: div[id='content'] h1
PageHeader is Search - Mobile
Search - Mobile
]]></system-out>
    <system-err><![CDATA[Starting ChromeDriver 143.0.7499.169 (164b20aab62509dad21fd46383951aeec084ad1e-refs/branch-heads/7499@{#3399}) on port 27214
Only local connections are allowed.
Please see https://chromedriver.chromium.org/security-considerations for suggestions on keeping ChromeDriver safe.
ChromeDriver was started successfully on port 27214.
Dec 22, 2025 1:03:38 PM org.openqa.selenium.remote.ProtocolHandshake createSession
INFO: Detected dialect: W3C
]]></system-err>
  </testcase>
  <testcase name="doSearchTest[Laptop](2)" classname="com.qa.test.HomePageTest" time="1.956">
    <system-out><![CDATA[java.io.FileInputStream@2f2bff16
Before navigating to: 'https://naveenautomationlabs.com/opencart/'
Navigated to:'https://naveenautomationlabs.com/opencart/'
java.io.FileInputStream@252a8aae
Trying to find Element By : By.xpath: //input[@placeholder='Search']
Found Element By : By.xpath: //input[@placeholder='Search']
Trying to find Element By : By.xpath: //input[@placeholder='Search']
Found Element By : By.xpath: //input[@placeholder='Search']
Trying to find Element By : By.xpath: //button[@class='btn btn-default btn-lg']
Found Element By : By.xpath: //button[@class='btn btn-default btn-lg']
Trying to click on: [[ChromeDriver: chrome on WINDOWS (e7a649371ed58e6fa094a788abb36bde)] -> xpath: //button[@class='btn btn-default btn-lg']]
Clicked on: [[ChromeDriver: chrome on WINDOWS (e7a649371ed58e6fa094a788abb36bde)] -> xpath: //button[@class='btn btn-default btn-lg']]
Trying to find Element By : By.cssSelector: div[id='content'] h1
Found Element By : By.cssSelector: div[id='content'] h1
PageHeader is Search - Laptop
Search - Laptop
]]></system-out>
    <system-err><![CDATA[Starting ChromeDriver 143.0.7499.169 (164b20aab62509dad21fd46383951aeec084ad1e-refs/branch-heads/7499@{#3399}) on port 31976
Only local connections are allowed.
Please see https://chromedriver.chromium.org/security-considerations for suggestions on keeping ChromeDriver safe.
ChromeDriver was started successfully on port 31976.
Dec 22, 2025 1:03:53 PM org.openqa.selenium.remote.ProtocolHandshake createSession
INFO: Detected dialect: W3C
]]></system-err>
  </testcase>
  <testcase name="doSearchTest[Mackbook](3)" classname="com.qa.test.HomePageTest" time="1.864">
    <system-out><![CDATA[java.io.FileInputStream@33634f04
Before navigating to: 'https://naveenautomationlabs.com/opencart/'
Navigated to:'https://naveenautomationlabs.com/opencart/'
java.io.FileInputStream@4f5b08d
Trying to find Element By : By.xpath: //input[@placeholder='Search']
Found Element By : By.xpath: //input[@placeholder='Search']
Trying to find Element By : By.xpath: //input[@placeholder='Search']
Found Element By : By.xpath: //input[@placeholder='Search']
Trying to find Element By : By.xpath: //button[@class='btn btn-default btn-lg']
Found Element By : By.xpath: //button[@class='btn btn-default btn-lg']
Trying to click on: [[ChromeDriver: chrome on WINDOWS (d56ff80ff201b487090dea6eb1661383)] -> xpath: //button[@class='btn btn-default btn-lg']]
Clicked on: [[ChromeDriver: chrome on WINDOWS (d56ff80ff201b487090dea6eb1661383)] -> xpath: //button[@class='btn btn-default btn-lg']]
Trying to find Element By : By.cssSelector: div[id='content'] h1
Found Element By : By.cssSelector: div[id='content'] h1
PageHeader is Search - Mackbook
Search - Mackbook
]]></system-out>
    <system-err><![CDATA[Starting ChromeDriver 143.0.7499.169 (164b20aab62509dad21fd46383951aeec084ad1e-refs/branch-heads/7499@{#3399}) on port 4880
Only local connections are allowed.
Please see https://chromedriver.chromium.org/security-considerations for suggestions on keeping ChromeDriver safe.
ChromeDriver was started successfully on port 4880.
Dec 22, 2025 1:04:08 PM org.openqa.selenium.remote.ProtocolHandshake createSession
INFO: Detected dialect: W3C
]]></system-err>
  </testcase>
  <testcase name="ValidateRigesterPageTitle" classname="com.qa.test.RegisterPageTest" time="0.006">
    <system-out><![CDATA[java.io.FileInputStream@18f55704
Before navigating to: 'https://naveenautomationlabs.com/opencart/'
Navigated to:'https://naveenautomationlabs.com/opencart/'
java.io.FileInputStream@43c87306
Trying to find Element By : By.xpath: //span[normalize-space()='My Account']
Found Element By : By.xpath: //span[normalize-space()='My Account']
Trying to click on: [[ChromeDriver: chrome on WINDOWS (b397565bf33ca396ba3bcbde425b6074)] -> xpath: //span[normalize-space()='My Account']]
Clicked on: [[ChromeDriver: chrome on WINDOWS (b397565bf33ca396ba3bcbde425b6074)] -> xpath: //span[normalize-space()='My Account']]
Trying to find Element By : By.xpath: //ul[@class='dropdown-menu dropdown-menu-right']//a[normalize-space()='Register']
Found Element By : By.xpath: //ul[@class='dropdown-menu dropdown-menu-right']//a[normalize-space()='Register']
Trying to click on: [[ChromeDriver: chrome on WINDOWS (b397565bf33ca396ba3bcbde425b6074)] -> xpath: //ul[@class='dropdown-menu dropdown-menu-right']//a[normalize-space()='Register']]
Clicked on: [[ChromeDriver: chrome on WINDOWS (b397565bf33ca396ba3bcbde425b6074)] -> xpath: //ul[@class='dropdown-menu dropdown-menu-right']//a[normalize-space()='Register']]
java.io.FileInputStream@37496720
Register Account
Ragister Page titelRegister Account
]]></system-out>
    <system-err><![CDATA[Starting ChromeDriver 143.0.7499.169 (164b20aab62509dad21fd46383951aeec084ad1e-refs/branch-heads/7499@{#3399}) on port 34564
Only local connections are allowed.
Please see https://chromedriver.chromium.org/security-considerations for suggestions on keeping ChromeDriver safe.
ChromeDriver was started successfully on port 34564.
Dec 22, 2025 1:04:23 PM org.openqa.selenium.remote.ProtocolHandshake createSession
INFO: Detected dialect: W3C
]]></system-err>
  </testcase>
  <testcase name="validateAllfieldLabel" classname="com.qa.test.RegisterPageTest" time="0.176">
    <system-out><![CDATA[java.io.FileInputStream@1fd9893c
Before navigating to: 'https://naveenautomationlabs.com/opencart/'
Navigated to:'https://naveenautomationlabs.com/opencart/'
java.io.FileInputStream@326e0b8e
Trying to find Element By : By.xpath: //span[normalize-space()='My Account']
Found Element By : By.xpath: //span[normalize-space()='My Account']
Trying to click on: [[ChromeDriver: chrome on WINDOWS (42a5f54caf0fd8cffb20c2f0de3baae4)] -> xpath: //span[normalize-space()='My Account']]
Clicked on: [[ChromeDriver: chrome on WINDOWS (42a5f54caf0fd8cffb20c2f0de3baae4)] -> xpath: //span[normalize-space()='My Account']]
Trying to find Element By : By.xpath: //ul[@class='dropdown-menu dropdown-menu-right']//a[normalize-space()='Register']
Found Element By : By.xpath: //ul[@class='dropdown-menu dropdown-menu-right']//a[normalize-space()='Register']
Trying to click on: [[ChromeDriver: chrome on WINDOWS (42a5f54caf0fd8cffb20c2f0de3baae4)] -> xpath: //ul[@class='dropdown-menu dropdown-menu-right']//a[normalize-space()='Register']]
Clicked on: [[ChromeDriver: chrome on WINDOWS (42a5f54caf0fd8cffb20c2f0de3baae4)] -> xpath: //ul[@class='dropdown-menu dropdown-menu-right']//a[normalize-space()='Register']]
java.io.FileInputStream@5d4e13e1
Trying to find Element By : By.xpath: //div[@id='account-register']//a[@class='list-group-item']
Found Element By : By.xpath: //div[@id='account-register']//a[@class='list-group-item']
Totatl Number of Element are ........13
Print Register Page label Name is : ....Login
Print Register Page label Name is : ....Register
Print Register Page label Name is : ....Forgotten Password
Print Register Page label Name is : ....My Account
Print Register Page label Name is : ....Address Book
Print Register Page label Name is : ....Wish List
Print Register Page label Name is : ....Order History
Print Register Page label Name is : ....Downloads
Print Register Page label Name is : ....Recurring payments
Print Register Page label Name is : ....Reward Points
Print Register Page label Name is : ....Returns
Print Register Page label Name is : ....Transactions
Print Register Page label Name is : ....Newsletter
]]></system-out>
    <system-err><![CDATA[Starting ChromeDriver 143.0.7499.169 (164b20aab62509dad21fd46383951aeec084ad1e-refs/branch-heads/7499@{#3399}) on port 9840
Only local connections are allowed.
Please see https://chromedriver.chromium.org/security-considerations for suggestions on keeping ChromeDriver safe.
ChromeDriver was started successfully on port 9840.
Dec 22, 2025 1:04:31 PM org.openqa.selenium.remote.ProtocolHandshake createSession
INFO: Detected dialect: W3C
]]></system-err>
  </testcase>
  <testcase name="doRegisterTest[Fname , LName, Abcd@abcd.com, 9999999999, Dms@test1, Dms@test1](1)" classname="com.qa.test.RegisterPageTest" time="13.461">
    <system-out><![CDATA[Fname 
LName
Abcd@abcd.com
9999999999
Dms@test1
Dms@test1
Fname 
LName
Abc@abc.com
9354984729
Dms@test1
Dms@test1
Fname 
LName
tiwaridhram720@gmail.com
9354984729
Dms@test1
Dms@test1
java.io.FileInputStream@73a8e994
Before navigating to: 'https://naveenautomationlabs.com/opencart/'
Navigated to:'https://naveenautomationlabs.com/opencart/'
java.io.FileInputStream@670f2466
Trying to find Element By : By.xpath: //span[normalize-space()='My Account']
Found Element By : By.xpath: //span[normalize-space()='My Account']
Trying to click on: [[ChromeDriver: chrome on WINDOWS (8c239b2bb7ad5982c288dc403214f989)] -> xpath: //span[normalize-space()='My Account']]
Clicked on: [[ChromeDriver: chrome on WINDOWS (8c239b2bb7ad5982c288dc403214f989)] -> xpath: //span[normalize-space()='My Account']]
Trying to find Element By : By.xpath: //ul[@class='dropdown-menu dropdown-menu-right']//a[normalize-space()='Register']
Found Element By : By.xpath: //ul[@class='dropdown-menu dropdown-menu-right']//a[normalize-space()='Register']
Trying to click on: [[ChromeDriver: chrome on WINDOWS (8c239b2bb7ad5982c288dc403214f989)] -> xpath: //ul[@class='dropdown-menu dropdown-menu-right']//a[normalize-space()='Register']]
Clicked on: [[ChromeDriver: chrome on WINDOWS (8c239b2bb7ad5982c288dc403214f989)] -> xpath: //ul[@class='dropdown-menu dropdown-menu-right']//a[normalize-space()='Register']]
java.io.FileInputStream@6ef60295
Trying to find Element By : By.cssSelector: #input-firstname
Found Element By : By.cssSelector: #input-firstname
Trying to find Element By : By.cssSelector: #input-firstname
Found Element By : By.cssSelector: #input-firstname
Trying to find Element By : By.xpath: //input[@id='input-lastname']
Found Element By : By.xpath: //input[@id='input-lastname']
Trying to find Element By : By.xpath: //input[@id='input-lastname']
Found Element By : By.xpath: //input[@id='input-lastname']
Trying to find Element By : By.xpath: //input[@id='input-email']
Found Element By : By.xpath: //input[@id='input-email']
Trying to find Element By : By.xpath: //input[@id='input-email']
Found Element By : By.xpath: //input[@id='input-email']
Trying to find Element By : By.xpath: //input[@id='input-telephone']
Found Element By : By.xpath: //input[@id='input-telephone']
Trying to find Element By : By.xpath: //input[@id='input-telephone']
Found Element By : By.xpath: //input[@id='input-telephone']
Trying to find Element By : By.xpath: //input[@id='input-password']
Found Element By : By.xpath: //input[@id='input-password']
Trying to find Element By : By.xpath: //input[@id='input-password']
Found Element By : By.xpath: //input[@id='input-password']
Trying to find Element By : By.xpath: //input[@id='input-confirm']
Found Element By : By.xpath: //input[@id='input-confirm']
Trying to find Element By : By.xpath: //input[@id='input-confirm']
Found Element By : By.xpath: //input[@id='input-confirm']
Trying to find Element By : By.xpath: //label[normalize-space()='Yes']
Found Element By : By.xpath: //label[normalize-space()='Yes']
Print Test of RadiobuttonYes
Trying to find Element By : By.xpath: //label[normalize-space()='Yes']
Found Element By : By.xpath: //label[normalize-space()='Yes']
Trying to click on: [[ChromeDriver: chrome on WINDOWS (8c239b2bb7ad5982c288dc403214f989)] -> xpath: //label[normalize-space()='Yes']]
Clicked on: [[ChromeDriver: chrome on WINDOWS (8c239b2bb7ad5982c288dc403214f989)] -> xpath: //label[normalize-space()='Yes']]
Trying to find Element By : By.xpath: //input[@name='agree']
Found Element By : By.xpath: //input[@name='agree']
Trying to click on: [[ChromeDriver: chrome on WINDOWS (8c239b2bb7ad5982c288dc403214f989)] -> xpath: //input[@name='agree']]
Clicked on: [[ChromeDriver: chrome on WINDOWS (8c239b2bb7ad5982c288dc403214f989)] -> xpath: //input[@name='agree']]
Trying to find Element By : By.xpath: //input[@value='Continue']
Found Element By : By.xpath: //input[@value='Continue']
Trying to click on: [[ChromeDriver: chrome on WINDOWS (8c239b2bb7ad5982c288dc403214f989)] -> xpath: //input[@value='Continue']]
Clicked on: [[ChromeDriver: chrome on WINDOWS (8c239b2bb7ad5982c288dc403214f989)] -> xpath: //input[@value='Continue']]
]]></system-out>
    <system-err><![CDATA[Starting ChromeDriver 143.0.7499.169 (164b20aab62509dad21fd46383951aeec084ad1e-refs/branch-heads/7499@{#3399}) on port 47071
Only local connections are allowed.
Please see https://chromedriver.chromium.org/security-considerations for suggestions on keeping ChromeDriver safe.
ChromeDriver was started successfully on port 47071.
Dec 22, 2025 1:04:42 PM org.openqa.selenium.remote.ProtocolHandshake createSession
INFO: Detected dialect: W3C
]]></system-err>
  </testcase>
  <testcase name="doRegisterTest[Fname , LName, Abc@abc.com, 9354984729, Dms@test1, Dms@test1](2)" classname="com.qa.test.RegisterPageTest" time="2.563">
    <system-out><![CDATA[java.io.FileInputStream@583fb274
Before navigating to: 'https://naveenautomationlabs.com/opencart/'
Navigated to:'https://naveenautomationlabs.com/opencart/'
java.io.FileInputStream@56846330
Trying to find Element By : By.xpath: //span[normalize-space()='My Account']
Found Element By : By.xpath: //span[normalize-space()='My Account']
Trying to click on: [[ChromeDriver: chrome on WINDOWS (5b1d6712e78db731eff8ebb239c64d80)] -> xpath: //span[normalize-space()='My Account']]
Clicked on: [[ChromeDriver: chrome on WINDOWS (5b1d6712e78db731eff8ebb239c64d80)] -> xpath: //span[normalize-space()='My Account']]
Trying to find Element By : By.xpath: //ul[@class='dropdown-menu dropdown-menu-right']//a[normalize-space()='Register']
Found Element By : By.xpath: //ul[@class='dropdown-menu dropdown-menu-right']//a[normalize-space()='Register']
Trying to click on: [[ChromeDriver: chrome on WINDOWS (5b1d6712e78db731eff8ebb239c64d80)] -> xpath: //ul[@class='dropdown-menu dropdown-menu-right']//a[normalize-space()='Register']]
Clicked on: [[ChromeDriver: chrome on WINDOWS (5b1d6712e78db731eff8ebb239c64d80)] -> xpath: //ul[@class='dropdown-menu dropdown-menu-right']//a[normalize-space()='Register']]
java.io.FileInputStream@481558ce
Trying to find Element By : By.cssSelector: #input-firstname
Found Element By : By.cssSelector: #input-firstname
Trying to find Element By : By.cssSelector: #input-firstname
Found Element By : By.cssSelector: #input-firstname
Trying to find Element By : By.xpath: //input[@id='input-lastname']
Found Element By : By.xpath: //input[@id='input-lastname']
Trying to find Element By : By.xpath: //input[@id='input-lastname']
Found Element By : By.xpath: //input[@id='input-lastname']
Trying to find Element By : By.xpath: //input[@id='input-email']
Found Element By : By.xpath: //input[@id='input-email']
Trying to find Element By : By.xpath: //input[@id='input-email']
Found Element By : By.xpath: //input[@id='input-email']
Trying to find Element By : By.xpath: //input[@id='input-telephone']
Found Element By : By.xpath: //input[@id='input-telephone']
Trying to find Element By : By.xpath: //input[@id='input-telephone']
Found Element By : By.xpath: //input[@id='input-telephone']
Trying to find Element By : By.xpath: //input[@id='input-password']
Found Element By : By.xpath: //input[@id='input-password']
Trying to find Element By : By.xpath: //input[@id='input-password']
Found Element By : By.xpath: //input[@id='input-password']
Trying to find Element By : By.xpath: //input[@id='input-confirm']
Found Element By : By.xpath: //input[@id='input-confirm']
Trying to find Element By : By.xpath: //input[@id='input-confirm']
Found Element By : By.xpath: //input[@id='input-confirm']
Trying to find Element By : By.xpath: //label[normalize-space()='Yes']
Found Element By : By.xpath: //label[normalize-space()='Yes']
Print Test of RadiobuttonYes
Trying to find Element By : By.xpath: //label[normalize-space()='Yes']
Found Element By : By.xpath: //label[normalize-space()='Yes']
Trying to click on: [[ChromeDriver: chrome on WINDOWS (5b1d6712e78db731eff8ebb239c64d80)] -> xpath: //label[normalize-space()='Yes']]
Clicked on: [[ChromeDriver: chrome on WINDOWS (5b1d6712e78db731eff8ebb239c64d80)] -> xpath: //label[normalize-space()='Yes']]
Trying to find Element By : By.xpath: //input[@name='agree']
Found Element By : By.xpath: //input[@name='agree']
Trying to click on: [[ChromeDriver: chrome on WINDOWS (5b1d6712e78db731eff8ebb239c64d80)] -> xpath: //input[@name='agree']]
Clicked on: [[ChromeDriver: chrome on WINDOWS (5b1d6712e78db731eff8ebb239c64d80)] -> xpath: //input[@name='agree']]
Trying to find Element By : By.xpath: //input[@value='Continue']
Found Element By : By.xpath: //input[@value='Continue']
Trying to click on: [[ChromeDriver: chrome on WINDOWS (5b1d6712e78db731eff8ebb239c64d80)] -> xpath: //input[@value='Continue']]
Clicked on: [[ChromeDriver: chrome on WINDOWS (5b1d6712e78db731eff8ebb239c64d80)] -> xpath: //input[@value='Continue']]
]]></system-out>
    <system-err><![CDATA[Starting ChromeDriver 143.0.7499.169 (164b20aab62509dad21fd46383951aeec084ad1e-refs/branch-heads/7499@{#3399}) on port 4601
Only local connections are allowed.
Please see https://chromedriver.chromium.org/security-considerations for suggestions on keeping ChromeDriver safe.
ChromeDriver was started successfully on port 4601.
Dec 22, 2025 1:05:13 PM org.openqa.selenium.remote.ProtocolHandshake createSession
INFO: Detected dialect: W3C
]]></system-err>
  </testcase>
  <testcase name="doRegisterTest[Fname , LName, tiwaridhram720@gmail.com, 9354984729, Dms@test1, Dms@test1](3)" classname="com.qa.test.RegisterPageTest" time="2.46">
    <system-out><![CDATA[java.io.FileInputStream@456f7d9e
Before navigating to: 'https://naveenautomationlabs.com/opencart/'
Navigated to:'https://naveenautomationlabs.com/opencart/'
java.io.FileInputStream@7069f076
Trying to find Element By : By.xpath: //span[normalize-space()='My Account']
Found Element By : By.xpath: //span[normalize-space()='My Account']
Trying to click on: [[ChromeDriver: chrome on WINDOWS (4d95a00f24a19e3e9b9c3ccaa1df6c6d)] -> xpath: //span[normalize-space()='My Account']]
Clicked on: [[ChromeDriver: chrome on WINDOWS (4d95a00f24a19e3e9b9c3ccaa1df6c6d)] -> xpath: //span[normalize-space()='My Account']]
Trying to find Element By : By.xpath: //ul[@class='dropdown-menu dropdown-menu-right']//a[normalize-space()='Register']
Found Element By : By.xpath: //ul[@class='dropdown-menu dropdown-menu-right']//a[normalize-space()='Register']
Trying to click on: [[ChromeDriver: chrome on WINDOWS (4d95a00f24a19e3e9b9c3ccaa1df6c6d)] -> xpath: //ul[@class='dropdown-menu dropdown-menu-right']//a[normalize-space()='Register']]
Clicked on: [[ChromeDriver: chrome on WINDOWS (4d95a00f24a19e3e9b9c3ccaa1df6c6d)] -> xpath: //ul[@class='dropdown-menu dropdown-menu-right']//a[normalize-space()='Register']]
java.io.FileInputStream@4d93f75b
Trying to find Element By : By.cssSelector: #input-firstname
Found Element By : By.cssSelector: #input-firstname
Trying to find Element By : By.cssSelector: #input-firstname
Found Element By : By.cssSelector: #input-firstname
Trying to find Element By : By.xpath: //input[@id='input-lastname']
Found Element By : By.xpath: //input[@id='input-lastname']
Trying to find Element By : By.xpath: //input[@id='input-lastname']
Found Element By : By.xpath: //input[@id='input-lastname']
Trying to find Element By : By.xpath: //input[@id='input-email']
Found Element By : By.xpath: //input[@id='input-email']
Trying to find Element By : By.xpath: //input[@id='input-email']
Found Element By : By.xpath: //input[@id='input-email']
Trying to find Element By : By.xpath: //input[@id='input-telephone']
Found Element By : By.xpath: //input[@id='input-telephone']
Trying to find Element By : By.xpath: //input[@id='input-telephone']
Found Element By : By.xpath: //input[@id='input-telephone']
Trying to find Element By : By.xpath: //input[@id='input-password']
Found Element By : By.xpath: //input[@id='input-password']
Trying to find Element By : By.xpath: //input[@id='input-password']
Found Element By : By.xpath: //input[@id='input-password']
Trying to find Element By : By.xpath: //input[@id='input-confirm']
Found Element By : By.xpath: //input[@id='input-confirm']
Trying to find Element By : By.xpath: //input[@id='input-confirm']
Found Element By : By.xpath: //input[@id='input-confirm']
Trying to find Element By : By.xpath: //label[normalize-space()='Yes']
Found Element By : By.xpath: //label[normalize-space()='Yes']
Print Test of RadiobuttonYes
Trying to find Element By : By.xpath: //label[normalize-space()='Yes']
Found Element By : By.xpath: //label[normalize-space()='Yes']
Trying to click on: [[ChromeDriver: chrome on WINDOWS (4d95a00f24a19e3e9b9c3ccaa1df6c6d)] -> xpath: //label[normalize-space()='Yes']]
Clicked on: [[ChromeDriver: chrome on WINDOWS (4d95a00f24a19e3e9b9c3ccaa1df6c6d)] -> xpath: //label[normalize-space()='Yes']]
Trying to find Element By : By.xpath: //input[@name='agree']
Found Element By : By.xpath: //input[@name='agree']
Trying to click on: [[ChromeDriver: chrome on WINDOWS (4d95a00f24a19e3e9b9c3ccaa1df6c6d)] -> xpath: //input[@name='agree']]
Clicked on: [[ChromeDriver: chrome on WINDOWS (4d95a00f24a19e3e9b9c3ccaa1df6c6d)] -> xpath: //input[@name='agree']]
Trying to find Element By : By.xpath: //input[@value='Continue']
Found Element By : By.xpath: //input[@value='Continue']
Trying to click on: [[ChromeDriver: chrome on WINDOWS (4d95a00f24a19e3e9b9c3ccaa1df6c6d)] -> xpath: //input[@value='Continue']]
Clicked on: [[ChromeDriver: chrome on WINDOWS (4d95a00f24a19e3e9b9c3ccaa1df6c6d)] -> xpath: //input[@value='Continue']]
]]></system-out>
    <system-err><![CDATA[Starting ChromeDriver 143.0.7499.169 (164b20aab62509dad21fd46383951aeec084ad1e-refs/branch-heads/7499@{#3399}) on port 17012
Only local connections are allowed.
Please see https://chromedriver.chromium.org/security-considerations for suggestions on keeping ChromeDriver safe.
ChromeDriver was started successfully on port 17012.
Dec 22, 2025 1:05:55 PM org.openqa.selenium.remote.ProtocolHandshake createSession
INFO: Detected dialect: W3C
]]></system-err>
  </testcase>
</testsuite>