<?xml version="1.0" encoding="UTF-8"?>
<testng-results retried="3" ignored="0" total="12" passed="8" failed="1" skipped="0">
  <reporter-output>
  </reporter-output>
  <suite started-at="2025-12-22T13:02:27 IST" name="Online Store" finished-at="2025-12-22T13:06:05 IST" duration-ms="218445">
    <groups>
    </groups>
    <test started-at="2025-12-22T13:02:27 IST" name="Test" finished-at="2025-12-22T13:06:05 IST" duration-ms="218445">
      <class name="com.qa.test.HomePageTest">
        <test-method is-config="true" signature="Setup()[pri:0, instance:com.qa.test.HomePageTest@1534f01b]" started-at="2025-12-22T13:02:27 IST" name="Setup" finished-at="2025-12-22T13:02:52 IST" duration-ms="25693" status="PASS">
          <reporter-output>
          </reporter-output>
        </test-method> <!-- Setup -->
        <test-method retried="true" signature="ValidateThePageTitle()[pri:1, instance:com.qa.test.HomePageTest@1534f01b]" started-at="2025-12-22T13:02:52 IST" name="ValidateThePageTitle" finished-at="2025-12-22T13:02:52 IST" duration-ms="124" status="SKIP">
          <exception class="java.lang.AssertionError">
            <message>
              <![CDATA[expected [Your Stor] but found [Your Store]]]>
            </message>
            <full-stacktrace>
              <![CDATA[java.lang.AssertionError: expected [Your Stor] but found [Your Store]
at org.testng.Assert.fail(Assert.java:111)
at org.testng.Assert.failNotEquals(Assert.java:1590)
at org.testng.Assert.assertEqualsImpl(Assert.java:150)
at org.testng.Assert.assertEquals(Assert.java:132)
at org.testng.Assert.assertEquals(Assert.java:656)
at org.testng.Assert.assertEquals(Assert.java:666)
at com.qa.test.HomePageTest.ValidateThePageTitle(HomePageTest.java:51)
at java.base/jdk.internal.reflect.DirectMethodHandleAccessor.invoke(DirectMethodHandleAccessor.java:104)
at java.base/java.lang.reflect.Method.invoke(Method.java:565)
at org.testng.internal.invokers.MethodInvocationHelper.invokeMethod(MethodInvocationHelper.java:141)
at org.testng.internal.invokers.TestInvoker.invokeMethod(TestInvoker.java:687)
at org.testng.internal.invokers.TestInvoker.invokeTestMethod(TestInvoker.java:230)
at org.testng.internal.invokers.MethodRunner.runInSequence(MethodRunner.java:63)
at org.testng.internal.invokers.TestInvoker$MethodInvocationAgent.invoke(TestInvoker.java:995)
at org.testng.internal.invokers.TestInvoker.invokeTestMethods(TestInvoker.java:203)
at org.testng.internal.invokers.TestMethodWorker.invokeTestMethods(TestMethodWorker.java:154)
at org.testng.internal.invokers.TestMethodWorker.run(TestMethodWorker.java:134)
at java.base/java.util.ArrayList.forEach(ArrayList.java:1604)
at org.testng.TestRunner.privateRun(TestRunner.java:741)
at org.testng.TestRunner.run(TestRunner.java:616)
at org.testng.SuiteRunner.runTest(SuiteRunner.java:421)
at org.testng.SuiteRunner.runSequentially(SuiteRunner.java:413)
at org.testng.SuiteRunner.privateRun(SuiteRunner.java:373)
at org.testng.SuiteRunner.run(SuiteRunner.java:312)
at org.testng.SuiteRunnerWorker.runSuite(SuiteRunnerWorker.java:52)
at org.testng.SuiteRunnerWorker.run(SuiteRunnerWorker.java:95)
at org.testng.TestNG.runSuitesSequentially(TestNG.java:1274)
at org.testng.TestNG.runSuitesLocally(TestNG.java:1208)
at org.testng.TestNG.runSuites(TestNG.java:1112)
at org.testng.TestNG.run(TestNG.java:1079)
at org.apache.maven.surefire.testng.TestNGExecutor.run(TestNGExecutor.java:284)
at org.apache.maven.surefire.testng.TestNGXmlTestSuite.execute(TestNGXmlTestSuite.java:75)
at org.apache.maven.surefire.testng.TestNGProvider.invoke(TestNGProvider.java:119)
at org.apache.maven.surefire.booter.ForkedBooter.runSuitesInProcess(ForkedBooter.java:428)
at org.apache.maven.surefire.booter.ForkedBooter.execute(ForkedBooter.java:162)
at org.apache.maven.surefire.booter.ForkedBooter.run(ForkedBooter.java:562)
at org.apache.maven.surefire.booter.ForkedBooter.main(ForkedBooter.java:548)
]]>
            </full-stacktrace>
          </exception> <!-- java.lang.AssertionError -->
          <reporter-output>
          </reporter-output>
        </test-method> <!-- ValidateThePageTitle -->
        <test-method is-config="true" signature="Teardown()[pri:0, instance:com.qa.test.HomePageTest@1534f01b]" started-at="2025-12-22T13:02:52 IST" name="Teardown" finished-at="2025-12-22T13:02:57 IST" duration-ms="4438" status="PASS">
          <reporter-output>
          </reporter-output>
        </test-method> <!-- Teardown -->
        <test-method is-config="true" signature="Setup()[pri:0, instance:com.qa.test.HomePageTest@1534f01b]" started-at="2025-12-22T13:02:57 IST" name="Setup" finished-at="2025-12-22T13:03:05 IST" duration-ms="7911" status="PASS">
          <reporter-output>
          </reporter-output>
        </test-method> <!-- Setup -->
        <test-method retried="true" signature="ValidateThePageTitle()[pri:1, instance:com.qa.test.HomePageTest@1534f01b]" started-at="2025-12-22T13:03:05 IST" name="ValidateThePageTitle" finished-at="2025-12-22T13:03:05 IST" duration-ms="17" status="SKIP">
          <exception class="java.lang.AssertionError">
            <message>
              <![CDATA[expected [Your Stor] but found [Your Store]]]>
            </message>
            <full-stacktrace>
              <![CDATA[java.lang.AssertionError: expected [Your Stor] but found [Your Store]
at org.testng.Assert.fail(Assert.java:111)
at org.testng.Assert.failNotEquals(Assert.java:1590)
at org.testng.Assert.assertEqualsImpl(Assert.java:150)
at org.testng.Assert.assertEquals(Assert.java:132)
at org.testng.Assert.assertEquals(Assert.java:656)
at org.testng.Assert.assertEquals(Assert.java:666)
at com.qa.test.HomePageTest.ValidateThePageTitle(HomePageTest.java:51)
at java.base/jdk.internal.reflect.DirectMethodHandleAccessor.invoke(DirectMethodHandleAccessor.java:104)
at java.base/java.lang.reflect.Method.invoke(Method.java:565)
at org.testng.internal.invokers.MethodInvocationHelper.invokeMethod(MethodInvocationHelper.java:141)
at org.testng.internal.invokers.TestInvoker.invokeMethod(TestInvoker.java:687)
at org.testng.internal.invokers.TestInvoker.retryFailed(TestInvoker.java:269)
at org.testng.internal.invokers.MethodRunner.runInSequence(MethodRunner.java:76)
at org.testng.internal.invokers.TestInvoker$MethodInvocationAgent.invoke(TestInvoker.java:995)
at org.testng.internal.invokers.TestInvoker.invokeTestMethods(TestInvoker.java:203)
at org.testng.internal.invokers.TestMethodWorker.invokeTestMethods(TestMethodWorker.java:154)
at org.testng.internal.invokers.TestMethodWorker.run(TestMethodWorker.java:134)
at java.base/java.util.ArrayList.forEach(ArrayList.java:1604)
at org.testng.TestRunner.privateRun(TestRunner.java:741)
at org.testng.TestRunner.run(TestRunner.java:616)
at org.testng.SuiteRunner.runTest(SuiteRunner.java:421)
at org.testng.SuiteRunner.runSequentially(SuiteRunner.java:413)
at org.testng.SuiteRunner.privateRun(SuiteRunner.java:373)
at org.testng.SuiteRunner.run(SuiteRunner.java:312)
at org.testng.SuiteRunnerWorker.runSuite(SuiteRunnerWorker.java:52)
at org.testng.SuiteRunnerWorker.run(SuiteRunnerWorker.java:95)
at org.testng.TestNG.runSuitesSequentially(TestNG.java:1274)
at org.testng.TestNG.runSuitesLocally(TestNG.java:1208)
at org.testng.TestNG.runSuites(TestNG.java:1112)
at org.testng.TestNG.run(TestNG.java:1079)
at org.apache.maven.surefire.testng.TestNGExecutor.run(TestNGExecutor.java:284)
at org.apache.maven.surefire.testng.TestNGXmlTestSuite.execute(TestNGXmlTestSuite.java:75)
at org.apache.maven.surefire.testng.TestNGProvider.invoke(TestNGProvider.java:119)
at org.apache.maven.surefire.booter.ForkedBooter.runSuitesInProcess(ForkedBooter.java:428)
at org.apache.maven.surefire.booter.ForkedBooter.execute(ForkedBooter.java:162)
at org.apache.maven.surefire.booter.ForkedBooter.run(ForkedBooter.java:562)
at org.apache.maven.surefire.booter.ForkedBooter.main(ForkedBooter.java:548)
]]>
            </full-stacktrace>
          </exception> <!-- java.lang.AssertionError -->
          <reporter-output>
          </reporter-output>
        </test-method> <!-- ValidateThePageTitle -->
        <test-method is-config="true" signature="Teardown()[pri:0, instance:com.qa.test.HomePageTest@1534f01b]" started-at="2025-12-22T13:03:05 IST" name="Teardown" finished-at="2025-12-22T13:03:09 IST" duration-ms="4315" status="PASS">
          <reporter-output>
          </reporter-output>
        </test-method> <!-- Teardown -->
        <test-method is-config="true" signature="Setup()[pri:0, instance:com.qa.test.HomePageTest@1534f01b]" started-at="2025-12-22T13:03:09 IST" name="Setup" finished-at="2025-12-22T13:03:19 IST" duration-ms="9581" status="PASS">
          <reporter-output>
          </reporter-output>
        </test-method> <!-- Setup -->
        <test-method retried="true" signature="ValidateThePageTitle()[pri:1, instance:com.qa.test.HomePageTest@1534f01b]" started-at="2025-12-22T13:03:19 IST" name="ValidateThePageTitle" finished-at="2025-12-22T13:03:19 IST" duration-ms="22" status="SKIP">
          <exception class="java.lang.AssertionError">
            <message>
              <![CDATA[expected [Your Stor] but found [Your Store]]]>
            </message>
            <full-stacktrace>
              <![CDATA[java.lang.AssertionError: expected [Your Stor] but found [Your Store]
at org.testng.Assert.fail(Assert.java:111)
at org.testng.Assert.failNotEquals(Assert.java:1590)
at org.testng.Assert.assertEqualsImpl(Assert.java:150)
at org.testng.Assert.assertEquals(Assert.java:132)
at org.testng.Assert.assertEquals(Assert.java:656)
at org.testng.Assert.assertEquals(Assert.java:666)
at com.qa.test.HomePageTest.ValidateThePageTitle(HomePageTest.java:51)
at java.base/jdk.internal.reflect.DirectMethodHandleAccessor.invoke(DirectMethodHandleAccessor.java:104)
at java.base/java.lang.reflect.Method.invoke(Method.java:565)
at org.testng.internal.invokers.MethodInvocationHelper.invokeMethod(MethodInvocationHelper.java:141)
at org.testng.internal.invokers.TestInvoker.invokeMethod(TestInvoker.java:687)
at org.testng.internal.invokers.TestInvoker.retryFailed(TestInvoker.java:269)
at org.testng.internal.invokers.MethodRunner.runInSequence(MethodRunner.java:76)
at org.testng.internal.invokers.TestInvoker$MethodInvocationAgent.invoke(TestInvoker.java:995)
at org.testng.internal.invokers.TestInvoker.invokeTestMethods(TestInvoker.java:203)
at org.testng.internal.invokers.TestMethodWorker.invokeTestMethods(TestMethodWorker.java:154)
at org.testng.internal.invokers.TestMethodWorker.run(TestMethodWorker.java:134)
at java.base/java.util.ArrayList.forEach(ArrayList.java:1604)
at org.testng.TestRunner.privateRun(TestRunner.java:741)
at org.testng.TestRunner.run(TestRunner.java:616)
at org.testng.SuiteRunner.runTest(SuiteRunner.java:421)
at org.testng.SuiteRunner.runSequentially(SuiteRunner.java:413)
at org.testng.SuiteRunner.privateRun(SuiteRunner.java:373)
at org.testng.SuiteRunner.run(SuiteRunner.java:312)
at org.testng.SuiteRunnerWorker.runSuite(SuiteRunnerWorker.java:52)
at org.testng.SuiteRunnerWorker.run(SuiteRunnerWorker.java:95)
at org.testng.TestNG.runSuitesSequentially(TestNG.java:1274)
at org.testng.TestNG.runSuitesLocally(TestNG.java:1208)
at org.testng.TestNG.runSuites(TestNG.java:1112)
at org.testng.TestNG.run(TestNG.java:1079)
at org.apache.maven.surefire.testng.TestNGExecutor.run(TestNGExecutor.java:284)
at org.apache.maven.surefire.testng.TestNGXmlTestSuite.execute(TestNGXmlTestSuite.java:75)
at org.apache.maven.surefire.testng.TestNGProvider.invoke(TestNGProvider.java:119)
at org.apache.maven.surefire.booter.ForkedBooter.runSuitesInProcess(ForkedBooter.java:428)
at org.apache.maven.surefire.booter.ForkedBooter.execute(ForkedBooter.java:162)
at org.apache.maven.surefire.booter.ForkedBooter.run(ForkedBooter.java:562)
at org.apache.maven.surefire.booter.ForkedBooter.main(ForkedBooter.java:548)
]]>
            </full-stacktrace>
          </exception> <!-- java.lang.AssertionError -->
          <reporter-output>
          </reporter-output>
        </test-method> <!-- ValidateThePageTitle -->
        <test-method is-config="true" signature="Teardown()[pri:0, instance:com.qa.test.HomePageTest@1534f01b]" started-at="2025-12-22T13:03:19 IST" name="Teardown" finished-at="2025-12-22T13:03:23 IST" duration-ms="4343" status="PASS">
          <reporter-output>
          </reporter-output>
        </test-method> <!-- Teardown -->
        <test-method is-config="true" signature="Setup()[pri:0, instance:com.qa.test.HomePageTest@1534f01b]" started-at="2025-12-22T13:03:23 IST" name="Setup" finished-at="2025-12-22T13:03:32 IST" duration-ms="9047" status="PASS">
          <reporter-output>
          </reporter-output>
        </test-method> <!-- Setup -->
        <test-method signature="ValidateThePageTitle()[pri:1, instance:com.qa.test.HomePageTest@1534f01b]" started-at="2025-12-22T13:03:32 IST" name="ValidateThePageTitle" finished-at="2025-12-22T13:03:32 IST" duration-ms="22" status="FAIL">
          <exception class="java.lang.AssertionError">
            <message>
              <![CDATA[expected [Your Stor] but found [Your Store]]]>
            </message>
            <full-stacktrace>
              <![CDATA[java.lang.AssertionError: expected [Your Stor] but found [Your Store]
at org.testng.Assert.fail(Assert.java:111)
at org.testng.Assert.failNotEquals(Assert.java:1590)
at org.testng.Assert.assertEqualsImpl(Assert.java:150)
at org.testng.Assert.assertEquals(Assert.java:132)
at org.testng.Assert.assertEquals(Assert.java:656)
at org.testng.Assert.assertEquals(Assert.java:666)
at com.qa.test.HomePageTest.ValidateThePageTitle(HomePageTest.java:51)
at java.base/jdk.internal.reflect.DirectMethodHandleAccessor.invoke(DirectMethodHandleAccessor.java:104)
at java.base/java.lang.reflect.Method.invoke(Method.java:565)
at org.testng.internal.invokers.MethodInvocationHelper.invokeMethod(MethodInvocationHelper.java:141)
at org.testng.internal.invokers.TestInvoker.invokeMethod(TestInvoker.java:687)
at org.testng.internal.invokers.TestInvoker.retryFailed(TestInvoker.java:269)
at org.testng.internal.invokers.MethodRunner.runInSequence(MethodRunner.java:76)
at org.testng.internal.invokers.TestInvoker$MethodInvocationAgent.invoke(TestInvoker.java:995)
at org.testng.internal.invokers.TestInvoker.invokeTestMethods(TestInvoker.java:203)
at org.testng.internal.invokers.TestMethodWorker.invokeTestMethods(TestMethodWorker.java:154)
at org.testng.internal.invokers.TestMethodWorker.run(TestMethodWorker.java:134)
at java.base/java.util.ArrayList.forEach(ArrayList.java:1604)
at org.testng.TestRunner.privateRun(TestRunner.java:741)
at org.testng.TestRunner.run(TestRunner.java:616)
at org.testng.SuiteRunner.runTest(SuiteRunner.java:421)
at org.testng.SuiteRunner.runSequentially(SuiteRunner.java:413)
at org.testng.SuiteRunner.privateRun(SuiteRunner.java:373)
at org.testng.SuiteRunner.run(SuiteRunner.java:312)
at org.testng.SuiteRunnerWorker.runSuite(SuiteRunnerWorker.java:52)
at org.testng.SuiteRunnerWorker.run(SuiteRunnerWorker.java:95)
at org.testng.TestNG.runSuitesSequentially(TestNG.java:1274)
at org.testng.TestNG.runSuitesLocally(TestNG.java:1208)
at org.testng.TestNG.runSuites(TestNG.java:1112)
at org.testng.TestNG.run(TestNG.java:1079)
at org.apache.maven.surefire.testng.TestNGExecutor.run(TestNGExecutor.java:284)
at org.apache.maven.surefire.testng.TestNGXmlTestSuite.execute(TestNGXmlTestSuite.java:75)
at org.apache.maven.surefire.testng.TestNGProvider.invoke(TestNGProvider.java:119)
at org.apache.maven.surefire.booter.ForkedBooter.runSuitesInProcess(ForkedBooter.java:428)
at org.apache.maven.surefire.booter.ForkedBooter.execute(ForkedBooter.java:162)
at org.apache.maven.surefire.booter.ForkedBooter.run(ForkedBooter.java:562)
at org.apache.maven.surefire.booter.ForkedBooter.main(ForkedBooter.java:548)
]]>
            </full-stacktrace>
          </exception> <!-- java.lang.AssertionError -->
          <reporter-output>
          </reporter-output>
        </test-method> <!-- ValidateThePageTitle -->
        <test-method is-config="true" signature="Teardown()[pri:0, instance:com.qa.test.HomePageTest@1534f01b]" started-at="2025-12-22T13:03:32 IST" name="Teardown" finished-at="2025-12-22T13:03:37 IST" duration-ms="4280" status="PASS">
          <reporter-output>
          </reporter-output>
        </test-method> <!-- Teardown -->
        <test-method is-config="true" signature="Setup()[pri:0, instance:com.qa.test.HomePageTest@1534f01b]" started-at="2025-12-22T13:03:37 IST" name="Setup" finished-at="2025-12-22T13:03:43 IST" duration-ms="5987" status="PASS">
          <reporter-output>
          </reporter-output>
        </test-method> <!-- Setup -->
        <test-method signature="doSearchTest(java.lang.String)[pri:2, instance:com.qa.test.HomePageTest@1534f01b]" started-at="2025-12-22T13:03:43 IST" name="doSearchTest" data-provider="HomePageTestData" finished-at="2025-12-22T13:03:46 IST" duration-ms="3272" status="PASS">
          <params>
            <param index="0">
              <value>
                <![CDATA[Mobile]]>
              </value>
            </param>
          </params>
          <reporter-output>
          </reporter-output>
        </test-method> <!-- doSearchTest -->
        <test-method is-config="true" signature="Teardown()[pri:0, instance:com.qa.test.HomePageTest@1534f01b]" started-at="2025-12-22T13:03:46 IST" name="Teardown" finished-at="2025-12-22T13:03:52 IST" duration-ms="5168" status="PASS">
          <reporter-output>
          </reporter-output>
        </test-method> <!-- Teardown -->
        <test-method is-config="true" signature="Setup()[pri:0, instance:com.qa.test.HomePageTest@1534f01b]" started-at="2025-12-22T13:03:52 IST" name="Setup" finished-at="2025-12-22T13:04:00 IST" duration-ms="7950" status="PASS">
          <reporter-output>
          </reporter-output>
        </test-method> <!-- Setup -->
        <test-method signature="doSearchTest(java.lang.String)[pri:2, instance:com.qa.test.HomePageTest@1534f01b]" started-at="2025-12-22T13:04:00 IST" name="doSearchTest" data-provider="HomePageTestData" finished-at="2025-12-22T13:04:02 IST" duration-ms="1955" status="PASS">
          <params>
            <param index="0">
              <value>
                <![CDATA[Laptop]]>
              </value>
            </param>
          </params>
          <reporter-output>
          </reporter-output>
        </test-method> <!-- doSearchTest -->
        <test-method is-config="true" signature="Teardown()[pri:0, instance:com.qa.test.HomePageTest@1534f01b]" started-at="2025-12-22T13:04:02 IST" name="Teardown" finished-at="2025-12-22T13:04:06 IST" duration-ms="4366" status="PASS">
          <reporter-output>
          </reporter-output>
        </test-method> <!-- Teardown -->
        <test-method is-config="true" signature="Setup()[pri:0, instance:com.qa.test.HomePageTest@1534f01b]" started-at="2025-12-22T13:04:06 IST" name="Setup" finished-at="2025-12-22T13:04:14 IST" duration-ms="8240" status="PASS">
          <reporter-output>
          </reporter-output>
        </test-method> <!-- Setup -->
        <test-method signature="doSearchTest(java.lang.String)[pri:2, instance:com.qa.test.HomePageTest@1534f01b]" started-at="2025-12-22T13:04:14 IST" name="doSearchTest" data-provider="HomePageTestData" finished-at="2025-12-22T13:04:16 IST" duration-ms="1864" status="PASS">
          <params>
            <param index="0">
              <value>
                <![CDATA[Mackbook]]>
              </value>
            </param>
          </params>
          <reporter-output>
          </reporter-output>
        </test-method> <!-- doSearchTest -->
        <test-method is-config="true" signature="Teardown()[pri:0, instance:com.qa.test.HomePageTest@1534f01b]" started-at="2025-12-22T13:04:16 IST" name="Teardown" finished-at="2025-12-22T13:04:20 IST" duration-ms="4294" status="PASS">
          <reporter-output>
          </reporter-output>
        </test-method> <!-- Teardown -->
      </class> <!-- com.qa.test.HomePageTest -->
      <class name="com.qa.test.RegisterPageTest">
        <test-method is-config="true" signature="Setup()[pri:0, instance:com.qa.test.RegisterPageTest@2e4b8173]" started-at="2025-12-22T13:04:20 IST" name="Setup" finished-at="2025-12-22T13:04:30 IST" duration-ms="9612" status="PASS">
          <reporter-output>
          </reporter-output>
        </test-method> <!-- Setup -->
        <test-method signature="ValidateRigesterPageTitle()[pri:1, instance:com.qa.test.RegisterPageTest@2e4b8173]" started-at="2025-12-22T13:04:30 IST" name="ValidateRigesterPageTitle" finished-at="2025-12-22T13:04:30 IST" duration-ms="15" status="PASS">
          <reporter-output>
          </reporter-output>
        </test-method> <!-- ValidateRigesterPageTitle -->
        <test-method is-config="true" signature="teardown()[pri:0, instance:com.qa.test.RegisterPageTest@2e4b8173]" started-at="2025-12-22T13:04:30 IST" name="teardown" finished-at="2025-12-22T13:04:30 IST" duration-ms="219" status="PASS">
          <reporter-output>
          </reporter-output>
        </test-method> <!-- teardown -->
        <test-method is-config="true" signature="Setup()[pri:0, instance:com.qa.test.RegisterPageTest@2e4b8173]" started-at="2025-12-22T13:04:30 IST" name="Setup" finished-at="2025-12-22T13:04:38 IST" duration-ms="8174" status="PASS">
          <reporter-output>
          </reporter-output>
        </test-method> <!-- Setup -->
        <test-method signature="validateAllfieldLabel()[pri:2, instance:com.qa.test.RegisterPageTest@2e4b8173]" started-at="2025-12-22T13:04:38 IST" name="validateAllfieldLabel" finished-at="2025-12-22T13:04:39 IST" duration-ms="181" status="PASS">
          <reporter-output>
          </reporter-output>
        </test-method> <!-- validateAllfieldLabel -->
        <test-method is-config="true" signature="teardown()[pri:0, instance:com.qa.test.RegisterPageTest@2e4b8173]" started-at="2025-12-22T13:04:39 IST" name="teardown" finished-at="2025-12-22T13:04:39 IST" duration-ms="197" status="PASS">
          <reporter-output>
          </reporter-output>
        </test-method> <!-- teardown -->
        <test-method is-config="true" signature="Setup()[pri:0, instance:com.qa.test.RegisterPageTest@2e4b8173]" started-at="2025-12-22T13:04:39 IST" name="Setup" finished-at="2025-12-22T13:04:53 IST" duration-ms="14539" status="PASS">
          <reporter-output>
          </reporter-output>
        </test-method> <!-- Setup -->
        <test-method signature="doRegisterTest(java.lang.String,java.lang.String,java.lang.String,java.lang.String,java.lang.String,java.lang.String)[pri:3, instance:com.qa.test.RegisterPageTest@2e4b8173]" started-at="2025-12-22T13:04:53 IST" name="doRegisterTest" data-provider="getRegisterTestdata" finished-at="2025-12-22T13:05:07 IST" duration-ms="13465" status="PASS">
          <params>
            <param index="0">
              <value>
                <![CDATA[Fname ]]>
              </value>
            </param>
            <param index="1">
              <value>
                <![CDATA[LName]]>
              </value>
            </param>
            <param index="2">
              <value>
                <![CDATA[Abcd@abcd.com]]>
              </value>
            </param>
            <param index="3">
              <value>
                <![CDATA[9999999999]]>
              </value>
            </param>
            <param index="4">
              <value>
                <![CDATA[Dms@test1]]>
              </value>
            </param>
            <param index="5">
              <value>
                <![CDATA[Dms@test1]]>
              </value>
            </param>
          </params>
          <reporter-output>
          </reporter-output>
        </test-method> <!-- doRegisterTest -->
        <test-method is-config="true" signature="teardown()[pri:0, instance:com.qa.test.RegisterPageTest@2e4b8173]" started-at="2025-12-22T13:05:07 IST" name="teardown" finished-at="2025-12-22T13:05:07 IST" duration-ms="499" status="PASS">
          <reporter-output>
          </reporter-output>
        </test-method> <!-- teardown -->
        <test-method is-config="true" signature="Setup()[pri:0, instance:com.qa.test.RegisterPageTest@2e4b8173]" started-at="2025-12-22T13:05:07 IST" name="Setup" finished-at="2025-12-22T13:05:36 IST" duration-ms="29186" status="PASS">
          <reporter-output>
          </reporter-output>
        </test-method> <!-- Setup -->
        <test-method signature="doRegisterTest(java.lang.String,java.lang.String,java.lang.String,java.lang.String,java.lang.String,java.lang.String)[pri:3, instance:com.qa.test.RegisterPageTest@2e4b8173]" started-at="2025-12-22T13:05:36 IST" name="doRegisterTest" data-provider="getRegisterTestdata" finished-at="2025-12-22T13:05:39 IST" duration-ms="2566" status="PASS">
          <params>
            <param index="0">
              <value>
                <![CDATA[Fname ]]>
              </value>
            </param>
            <param index="1">
              <value>
                <![CDATA[LName]]>
              </value>
            </param>
            <param index="2">
              <value>
                <![CDATA[Abc@abc.com]]>
              </value>
            </param>
            <param index="3">
              <value>
                <![CDATA[9354984729]]>
              </value>
            </param>
            <param index="4">
              <value>
                <![CDATA[Dms@test1]]>
              </value>
            </param>
            <param index="5">
              <value>
                <![CDATA[Dms@test1]]>
              </value>
            </param>
          </params>
          <reporter-output>
          </reporter-output>
        </test-method> <!-- doRegisterTest -->
        <test-method is-config="true" signature="teardown()[pri:0, instance:com.qa.test.RegisterPageTest@2e4b8173]" started-at="2025-12-22T13:05:39 IST" name="teardown" finished-at="2025-12-22T13:05:47 IST" duration-ms="8280" status="PASS">
          <reporter-output>
          </reporter-output>
        </test-method> <!-- teardown -->
        <test-method is-config="true" signature="Setup()[pri:0, instance:com.qa.test.RegisterPageTest@2e4b8173]" started-at="2025-12-22T13:05:47 IST" name="Setup" finished-at="2025-12-22T13:06:02 IST" duration-ms="14765" status="PASS">
          <reporter-output>
          </reporter-output>
        </test-method> <!-- Setup -->
        <test-method signature="doRegisterTest(java.lang.String,java.lang.String,java.lang.String,java.lang.String,java.lang.String,java.lang.String)[pri:3, instance:com.qa.test.RegisterPageTest@2e4b8173]" started-at="2025-12-22T13:06:02 IST" name="doRegisterTest" data-provider="getRegisterTestdata" finished-at="2025-12-22T13:06:05 IST" duration-ms="2465" status="PASS">
          <params>
            <param index="0">
              <value>
                <![CDATA[Fname ]]>
              </value>
            </param>
            <param index="1">
              <value>
                <![CDATA[LName]]>
              </value>
            </param>
            <param index="2">
              <value>
                <![CDATA[tiwaridhram720@gmail.com]]>
              </value>
            </param>
            <param index="3">
              <value>
                <![CDATA[9354984729]]>
              </value>
            </param>
            <param index="4">
              <value>
                <![CDATA[Dms@test1]]>
              </value>
            </param>
            <param index="5">
              <value>
                <![CDATA[Dms@test1]]>
              </value>
            </param>
          </params>
          <reporter-output>
          </reporter-output>
        </test-method> <!-- doRegisterTest -->
        <test-method is-config="true" signature="teardown()[pri:0, instance:com.qa.test.RegisterPageTest@2e4b8173]" started-at="2025-12-22T13:06:05 IST" name="teardown" finished-at="2025-12-22T13:06:05 IST" duration-ms="497" status="PASS">
          <reporter-output>
          </reporter-output>
        </test-method> <!-- teardown -->
      </class> <!-- com.qa.test.RegisterPageTest -->
    </test> <!-- Test -->
  </suite> <!-- Online Store -->
</testng-results>
