<?xml version="1.0" encoding="UTF-8"?>
<!-- Generated by org.testng.reporters.JUnitXMLReporter -->
<testsuite ignored="2" hostname="DESKTOP-3EL3S29" failures="1" tests="1" name="Default test(failed)" time="18.668" errors="0" timestamp="2025-12-07T20:24:19 IST">
  <testcase classname="com.qa.test.RegisterPageTest" name="validateAllfieldLabel" time="0.278">
    <failure type="java.lang.AssertionError" message="expected [Reward Point] but found [Reward Points]">
      <![CDATA[java.lang.AssertionError: expected [Reward Point] but found [Reward Points]
at com.qa.test.RegisterPageTest.validateAllfieldLabel(RegisterPageTest.java:110)
at java.base/java.util.ArrayList.forEach(ArrayList.java:1596)
... Removed 31 stack frames]]>
    </failure>
  </testcase> <!-- validateAllfieldLabel -->
  <testcase classname="com.qa.test.RegisterPageTest" name="ValidateRigesterPageTitle" time="0.0">
    <ignored/>
  </testcase> <!-- ValidateRigesterPageTitle -->
  <testcase classname="com.qa.test.RegisterPageTest" name="doRegisterTest" time="0.0">
    <ignored/>
  </testcase> <!-- doRegisterTest -->
</testsuite> <!-- Default test(failed) -->
