<?xml version="1.0" encoding="UTF-8"?>
<!-- Generated by org.testng.reporters.JUnitReportReporter -->
<testsuite hostname="DESKTOP-3EL3S29" failures="0" tests="5" name="com.qa.test.RegisterPageTest" time="78.145" errors="0" timestamp="2025-12-09T15:13:15 IST" skipped="0">
  <testcase classname="com.qa.test.RegisterPageTest" name="ValidateRigesterPageTitle" time="8.630"/>
  <testcase classname="com.qa.test.RegisterPageTest" name="validateAllfieldLabel" time="21.572"/>
  <testcase classname="com.qa.test.RegisterPageTest" name="doRegisterTest" time="13.235"/>
  <testcase classname="com.qa.test.RegisterPageTest" name="doRegisterTest" time="23.143"/>
  <testcase classname="com.qa.test.RegisterPageTest" name="doRegisterTest" time="11.565"/>
</testsuite> <!-- com.qa.test.RegisterPageTest -->
