<?xml version="1.0" encoding="UTF-8"?>
<!-- Generated by org.testng.reporters.JUnitReportReporter -->
<testsuite hostname="DESKTOP-3EL3S29" failures="0" tests="4" name="com.qa.test.HomePageTest" time="73.721" errors="0" timestamp="2026-02-16T14:16:28 IST" skipped="0">
  <testcase classname="com.qa.test.HomePageTest" name="ValidateThePageTitle" time="35.353"/>
  <testcase classname="com.qa.test.HomePageTest" name="doSearchTest" time="14.147"/>
  <testcase classname="com.qa.test.HomePageTest" name="doSearchTest" time="13.951"/>
  <testcase classname="com.qa.test.HomePageTest" name="doSearchTest" time="10.270"/>
</testsuite> <!-- com.qa.test.HomePageTest -->
