<?xml version="1.0" encoding="UTF-8"?>
<!-- Generated by org.testng.reporters.JUnitReportReporter -->
<testsuite hostname="DESKTOP-3EL3S29" failures="0" tests="5" name="com.qa.test.RegisterPageTest" time="45.496" errors="0" timestamp="2026-02-16T14:16:28 IST" skipped="0">
  <testcase classname="com.qa.test.RegisterPageTest" name="ValidateRigesterPageTitle" time="9.018"/>
  <testcase classname="com.qa.test.RegisterPageTest" name="validateAllfieldLabel" time="7.921"/>
  <testcase classname="com.qa.test.RegisterPageTest" name="doRegisterTest" time="10.395"/>
  <testcase classname="com.qa.test.RegisterPageTest" name="doRegisterTest" time="8.591"/>
  <testcase classname="com.qa.test.RegisterPageTest" name="doRegisterTest" time="9.571"/>
</testsuite> <!-- com.qa.test.RegisterPageTest -->
