<?xml version="1.0" encoding="UTF-8"?>
<!-- Generated by org.testng.reporters.JUnitReportReporter -->
<testsuite hostname="DESKTOP-3EL3S29" failures="0" tests="4" name="com.qa.test.HomePageTest" time="136.574" errors="0" timestamp="2025-12-20T15:41:42 IST" skipped="0">
  <testcase classname="com.qa.test.HomePageTest" name="ValidateThePageTitle" time="30.054"/>
  <testcase classname="com.qa.test.HomePageTest" name="doSearchTest" time="26.687"/>
  <testcase classname="com.qa.test.HomePageTest" name="doSearchTest" time="54.331"/>
  <testcase classname="com.qa.test.HomePageTest" name="doSearchTest" time="25.502"/>
</testsuite> <!-- com.qa.test.HomePageTest -->
