<?xml version="1.0" encoding="UTF-8"?>
<!-- Generated by org.testng.reporters.JUnitReportReporter -->
<testsuite hostname="DESKTOP-3EL3S29" failures="0" tests="5" name="com.qa.test.RegisterPageTest" time="104.660" errors="0" timestamp="2025-12-22T13:06:06 IST" skipped="0">
  <testcase classname="com.qa.test.RegisterPageTest" name="ValidateRigesterPageTitle" time="10.126"/>
  <testcase classname="com.qa.test.RegisterPageTest" name="validateAllfieldLabel" time="37.647"/>
  <testcase classname="com.qa.test.RegisterPageTest" name="doRegisterTest" time="28.727"/>
  <testcase classname="com.qa.test.RegisterPageTest" name="doRegisterTest" time="10.937"/>
  <testcase classname="com.qa.test.RegisterPageTest" name="doRegisterTest" time="17.223"/>
</testsuite> <!-- com.qa.test.RegisterPageTest -->
