<?xml version="1.0" encoding="UTF-8"?>
<!-- Generated by org.testng.reporters.JUnitReportReporter -->
<testsuite hostname="DESKTOP-3EL3S29" failures="0" tests="4" name="com.qa.test.HomePageTest" time="89.214" errors="0" timestamp="2025-12-22T12:58:08 IST" skipped="0">
  <testcase classname="com.qa.test.HomePageTest" name="ValidateThePageTitle" time="16.440"/>
  <testcase classname="com.qa.test.HomePageTest" name="doSearchTest" time="35.074"/>
  <testcase classname="com.qa.test.HomePageTest" name="doSearchTest" time="19.403"/>
  <testcase classname="com.qa.test.HomePageTest" name="doSearchTest" time="18.297"/>
</testsuite> <!-- com.qa.test.HomePageTest -->
